#
# There is insufficient memory for the Java Runtime Environment to continue.
# Native memory allocation (malloc) failed to allocate 32744 bytes for ChunkPool::allocate
# Possible reasons:
#   The system is out of physical RAM or swap space
#   The process is running with CompressedOops enabled, and the Java Heap may be blocking the growth of the native heap
# Possible solutions:
#   Reduce memory load on the system
#   Increase physical memory or swap space
#   Check if swap backing store is full
#   Decrease Java heap size (-Xmx/-Xms)
#   Decrease number of Java threads
#   Decrease Java thread stack sizes (-Xss)
#   Set larger code cache with -XX:ReservedCodeCacheSize=
#   JVM is running with Zero Based Compressed Oops mode in which the Java heap is
#     placed in the first 32GB address space. The Java Heap base address is the
#     maximum limit for the native heap growth. Please use -XX:HeapBaseMinAddress
#     to set the Java Heap base and to place the Java Heap above 32GB virtual address.
# This output file may be truncated or incomplete.
#
#  Out of Memory Error (arena.cpp:78), pid=15232, tid=14984
#
# JRE version: OpenJDK Runtime Environment Temurin-17.0.6+10 (17.0.6+10) (build 17.0.6+10)
# Java VM: OpenJDK 64-Bit Server VM Temurin-17.0.6+10 (17.0.6+10, mixed mode, tiered, compressed oops, compressed class ptrs, g1 gc, windows-amd64)
# No core dump will be written. Minidumps are not enabled by default on client versions of Windows
#

---------------  S U M M A R Y ------------

Command Line: -Dfile.encoding=UTF-8 -XX:+ShowCodeDetailsInExceptionMessages 배열응용.랜덤버튼배열2

Host: AMD Ryzen 5 3400G with Radeon Vega Graphics    , 8 cores, 13G,  Windows 10 , 64 bit Build 19041 (10.0.19041.2546)
Time: Mon Feb 13 17:25:10 2023  Windows 10 , 64 bit Build 19041 (10.0.19041.2546) elapsed time: 15292.598955 seconds (0d 4h 14m 52s)

---------------  T H R E A D  ---------------

Current thread (0x000001fb8405d360):  JavaThread "C2 CompilerThread0" daemon [_thread_in_native, id=14984, stack(0x00000063e8800000,0x00000063e8900000)]


Current CompileTask:
C2:15292599 1534   !   4       java.awt.Component::firePropertyChange (59 bytes)

Stack: [0x00000063e8800000,0x00000063e8900000]
Native frames: (J=compiled Java code, j=interpreted, Vv=VM code, C=native code)
V  [jvm.dll+0x67741a]
V  [jvm.dll+0x834434]
V  [jvm.dll+0x835bde]
V  [jvm.dll+0x836243]
V  [jvm.dll+0x2457b5]
V  [jvm.dll+0xabd1c]
V  [jvm.dll+0xac0cc]
V  [jvm.dll+0x2a2096]
V  [jvm.dll+0x2a1e54]
V  [jvm.dll+0x7f7ee0]
V  [jvm.dll+0x7f8728]
V  [jvm.dll+0x346c34]
V  [jvm.dll+0x2abb5c]
V  [jvm.dll+0x68f6f7]
V  [jvm.dll+0x6877eb]
V  [jvm.dll+0x686e27]
V  [jvm.dll+0x684d22]
V  [jvm.dll+0x1a6f5c]
V  [jvm.dll+0x1a7b26]
V  [jvm.dll+0x2abbb4]
V  [jvm.dll+0x68f6f7]
V  [jvm.dll+0x6877eb]
V  [jvm.dll+0x686e27]
V  [jvm.dll+0x684d22]
V  [jvm.dll+0x1a6f5c]
V  [jvm.dll+0x2abbb4]
V  [jvm.dll+0x68f6f7]
V  [jvm.dll+0x6877eb]
V  [jvm.dll+0x686e27]
V  [jvm.dll+0x684d22]
V  [jvm.dll+0x1a6f5c]
V  [jvm.dll+0x2abbb4]
V  [jvm.dll+0x68f6f7]
V  [jvm.dll+0x6877eb]
V  [jvm.dll+0x686e27]
V  [jvm.dll+0x684d22]
V  [jvm.dll+0x1a6f5c]
V  [jvm.dll+0x1a7b26]
V  [jvm.dll+0x1a7b26]
V  [jvm.dll+0x2abbb4]
V  [jvm.dll+0x68f6f7]
V  [jvm.dll+0x6877eb]
V  [jvm.dll+0x686e27]
V  [jvm.dll+0x684d22]
V  [jvm.dll+0x1a6f5c]
V  [jvm.dll+0x2abbb4]
V  [jvm.dll+0x68f6f7]
V  [jvm.dll+0x6877eb]
V  [jvm.dll+0x686e27]
V  [jvm.dll+0x684d22]
V  [jvm.dll+0x1a6f5c]
V  [jvm.dll+0x1a7b26]
V  [jvm.dll+0x1a7b26]
V  [jvm.dll+0x2abbb4]
V  [jvm.dll+0x68f6f7]
V  [jvm.dll+0x6877eb]
V  [jvm.dll+0x686e27]
V  [jvm.dll+0x684d22]
V  [jvm.dll+0x1a6f5c]
V  [jvm.dll+0x1a7b26]
V  [jvm.dll+0x2abbb4]
V  [jvm.dll+0x68f6f7]
V  [jvm.dll+0x6877eb]
V  [jvm.dll+0x686e27]
V  [jvm.dll+0x684d22]
V  [jvm.dll+0x1a6f5c]
V  [jvm.dll+0x2175d8]
V  [jvm.dll+0x1a3d0d]
V  [jvm.dll+0x22742a]
V  [jvm.dll+0x225565]
V  [jvm.dll+0x7ea2cb]
V  [jvm.dll+0x7e483a]
V  [jvm.dll+0x6762c5]
C  [ucrtbase.dll+0x21bb2]
C  [KERNEL32.DLL+0x17614]
C  [ntdll.dll+0x526a1]


---------------  P R O C E S S  ---------------

Threads class SMR info:
_java_thread_list=0x000001fb8c141270, length=17, elements={
0x000001fb8402d630, 0x000001fbff557ab0, 0x000001fb8403a860, 0x000001fb8403c130,
0x000001fb84057000, 0x000001fb84059db0, 0x000001fb8405d360, 0x000001fb84060020,
0x000001fb84060530, 0x000001fb841e7c00, 0x000001fb842021d0, 0x000001fb843fde80,
0x000001fb843fe350, 0x000001fb84625580, 0x000001fb84bec760, 0x000001fb8c039980,
0x000001fbe34661b0
}

Java Threads: ( => current thread )
  0x000001fb8402d630 JavaThread "Reference Handler" daemon [_thread_blocked, id=6064, stack(0x00000063e8200000,0x00000063e8300000)]
  0x000001fbff557ab0 JavaThread "Finalizer" daemon [_thread_blocked, id=11552, stack(0x00000063e8300000,0x00000063e8400000)]
  0x000001fb8403a860 JavaThread "Signal Dispatcher" daemon [_thread_blocked, id=13372, stack(0x00000063e8400000,0x00000063e8500000)]
  0x000001fb8403c130 JavaThread "Attach Listener" daemon [_thread_blocked, id=6028, stack(0x00000063e8500000,0x00000063e8600000)]
  0x000001fb84057000 JavaThread "Service Thread" daemon [_thread_blocked, id=13352, stack(0x00000063e8600000,0x00000063e8700000)]
  0x000001fb84059db0 JavaThread "Monitor Deflation Thread" daemon [_thread_blocked, id=14000, stack(0x00000063e8700000,0x00000063e8800000)]
=>0x000001fb8405d360 JavaThread "C2 CompilerThread0" daemon [_thread_in_native, id=14984, stack(0x00000063e8800000,0x00000063e8900000)]
  0x000001fb84060020 JavaThread "C1 CompilerThread0" daemon [_thread_blocked, id=10932, stack(0x00000063e8900000,0x00000063e8a00000)]
  0x000001fb84060530 JavaThread "Sweeper thread" daemon [_thread_blocked, id=11220, stack(0x00000063e8a00000,0x00000063e8b00000)]
  0x000001fb841e7c00 JavaThread "Notification Thread" daemon [_thread_blocked, id=3780, stack(0x00000063e8b00000,0x00000063e8c00000)]
  0x000001fb842021d0 JavaThread "Common-Cleaner" daemon [_thread_blocked, id=12268, stack(0x00000063e8d00000,0x00000063e8e00000)]
  0x000001fb843fde80 JavaThread "Java2D Disposer" daemon [_thread_blocked, id=5128, stack(0x00000063e8e00000,0x00000063e8f00000)]
  0x000001fb843fe350 JavaThread "AWT-Shutdown" [_thread_blocked, id=7568, stack(0x00000063e8f00000,0x00000063e9000000)]
  0x000001fb84625580 JavaThread "AWT-Windows" daemon [_thread_in_native, id=14304, stack(0x00000063e9000000,0x00000063e9100000)]
  0x000001fb84bec760 JavaThread "AWT-EventQueue-0" [_thread_in_native, id=2532, stack(0x00000063ea000000,0x00000063ea100000)]
  0x000001fb8c039980 JavaThread "D3D Screen Updater" daemon [_thread_blocked, id=14856, stack(0x00000063ea100000,0x00000063ea200000)]
  0x000001fbe34661b0 JavaThread "DestroyJavaVM" [_thread_blocked, id=14752, stack(0x00000063e7b00000,0x00000063e7c00000)]

Other Threads:
  0x000001fbff505380 VMThread "VM Thread" [stack: 0x00000063e8100000,0x00000063e8200000] [id=6080]
  0x000001fbe34e37d0 WatcherThread [stack: 0x00000063e8c00000,0x00000063e8d00000] [id=9652]
  0x000001fbe34cc950 GCTaskThread "GC Thread#0" [stack: 0x00000063e7c00000,0x00000063e7d00000] [id=1172]
  0x000001fbe34dbf70 ConcurrentGCThread "G1 Main Marker" [stack: 0x00000063e7d00000,0x00000063e7e00000] [id=10356]
  0x000001fbe34dc980 ConcurrentGCThread "G1 Conc#0" [stack: 0x00000063e7e00000,0x00000063e7f00000] [id=6332]
  0x000001fbe352f1c0 ConcurrentGCThread "G1 Refine#0" [stack: 0x00000063e7f00000,0x00000063e8000000] [id=13444]
  0x000001fbe352fbe0 ConcurrentGCThread "G1 Service" [stack: 0x00000063e8000000,0x00000063e8100000] [id=8828]

Threads with active compile tasks:
C2 CompilerThread0  15292654 1534   !   4       java.awt.Component::firePropertyChange (59 bytes)

VM state: not at safepoint (normal execution)

VM Mutex/Monitor currently owned by a thread: None

Heap address: 0x0000000720c00000, size: 3572 MB, Compressed Oops mode: Zero based, Oop shift amount: 3

CDS archive(s) not mapped
Compressed class space mapped at: 0x0000000800000000-0x0000000840000000, reserved size: 1073741824
Narrow klass base: 0x0000000800000000, Narrow klass shift: 0, Narrow klass range: 0x40000000

GC Precious Log:
 CPUs: 8 total, 8 available
 Memory: 14284M
 Large Page Support: Disabled
 NUMA Support: Disabled
 Compressed Oops: Enabled (Zero based)
 Heap Region Size: 2M
 Heap Min Capacity: 8M
 Heap Initial Capacity: 224M
 Heap Max Capacity: 3572M
 Pre-touch: Disabled
 Parallel Workers: 8
 Concurrent Workers: 2
 Concurrent Refinement Workers: 8
 Periodic GC: Disabled

Heap:
 garbage-first heap   total 229376K, used 22528K [0x0000000720c00000, 0x0000000800000000)
  region size 2048K, 10 young (20480K), 0 survivors (0K)
 Metaspace       used 13235K, committed 13504K, reserved 1064960K
  class space    used 1263K, committed 1408K, reserved 1048576K

Heap Regions: E=young(eden), S=young(survivor), O=old, HS=humongous(starts), HC=humongous(continues), CS=collection set, F=free, OA=open archive, CA=closed archive, TAMS=top-at-mark-start (previous, next)
|   0|0x0000000720c00000, 0x0000000720e00000, 0x0000000720e00000|100%|HS|  |TAMS 0x0000000720c00000, 0x0000000720c00000| Complete 
|   1|0x0000000720e00000, 0x0000000721000000, 0x0000000721000000|100%|HC|  |TAMS 0x0000000720e00000, 0x0000000720e00000| Complete 
|   2|0x0000000721000000, 0x0000000721200000, 0x0000000721200000|100%|HS|  |TAMS 0x0000000721000000, 0x0000000721000000| Complete 
|   3|0x0000000721200000, 0x0000000721200000, 0x0000000721400000|  0%| F|  |TAMS 0x0000000721200000, 0x0000000721200000| Untracked 
|   4|0x0000000721400000, 0x0000000721400000, 0x0000000721600000|  0%| F|  |TAMS 0x0000000721400000, 0x0000000721400000| Untracked 
|   5|0x0000000721600000, 0x0000000721600000, 0x0000000721800000|  0%| F|  |TAMS 0x0000000721600000, 0x0000000721600000| Untracked 
|   6|0x0000000721800000, 0x0000000721800000, 0x0000000721a00000|  0%| F|  |TAMS 0x0000000721800000, 0x0000000721800000| Untracked 
|   7|0x0000000721a00000, 0x0000000721a00000, 0x0000000721c00000|  0%| F|  |TAMS 0x0000000721a00000, 0x0000000721a00000| Untracked 
|   8|0x0000000721c00000, 0x0000000721c00000, 0x0000000721e00000|  0%| F|  |TAMS 0x0000000721c00000, 0x0000000721c00000| Untracked 
|   9|0x0000000721e00000, 0x0000000721e00000, 0x0000000722000000|  0%| F|  |TAMS 0x0000000721e00000, 0x0000000721e00000| Untracked 
|  10|0x0000000722000000, 0x0000000722000000, 0x0000000722200000|  0%| F|  |TAMS 0x0000000722000000, 0x0000000722000000| Untracked 
|  11|0x0000000722200000, 0x0000000722200000, 0x0000000722400000|  0%| F|  |TAMS 0x0000000722200000, 0x0000000722200000| Untracked 
|  12|0x0000000722400000, 0x0000000722400000, 0x0000000722600000|  0%| F|  |TAMS 0x0000000722400000, 0x0000000722400000| Untracked 
|  13|0x0000000722600000, 0x0000000722600000, 0x0000000722800000|  0%| F|  |TAMS 0x0000000722600000, 0x0000000722600000| Untracked 
|  14|0x0000000722800000, 0x0000000722800000, 0x0000000722a00000|  0%| F|  |TAMS 0x0000000722800000, 0x0000000722800000| Untracked 
|  15|0x0000000722a00000, 0x0000000722a00000, 0x0000000722c00000|  0%| F|  |TAMS 0x0000000722a00000, 0x0000000722a00000| Untracked 
|  16|0x0000000722c00000, 0x0000000722c00000, 0x0000000722e00000|  0%| F|  |TAMS 0x0000000722c00000, 0x0000000722c00000| Untracked 
|  17|0x0000000722e00000, 0x0000000722e00000, 0x0000000723000000|  0%| F|  |TAMS 0x0000000722e00000, 0x0000000722e00000| Untracked 
|  18|0x0000000723000000, 0x0000000723000000, 0x0000000723200000|  0%| F|  |TAMS 0x0000000723000000, 0x0000000723000000| Untracked 
|  19|0x0000000723200000, 0x0000000723200000, 0x0000000723400000|  0%| F|  |TAMS 0x0000000723200000, 0x0000000723200000| Untracked 
|  20|0x0000000723400000, 0x0000000723400000, 0x0000000723600000|  0%| F|  |TAMS 0x0000000723400000, 0x0000000723400000| Untracked 
|  21|0x0000000723600000, 0x0000000723600000, 0x0000000723800000|  0%| F|  |TAMS 0x0000000723600000, 0x0000000723600000| Untracked 
|  22|0x0000000723800000, 0x0000000723800000, 0x0000000723a00000|  0%| F|  |TAMS 0x0000000723800000, 0x0000000723800000| Untracked 
|  23|0x0000000723a00000, 0x0000000723a00000, 0x0000000723c00000|  0%| F|  |TAMS 0x0000000723a00000, 0x0000000723a00000| Untracked 
|  24|0x0000000723c00000, 0x0000000723c00000, 0x0000000723e00000|  0%| F|  |TAMS 0x0000000723c00000, 0x0000000723c00000| Untracked 
|  25|0x0000000723e00000, 0x0000000723e00000, 0x0000000724000000|  0%| F|  |TAMS 0x0000000723e00000, 0x0000000723e00000| Untracked 
|  26|0x0000000724000000, 0x0000000724000000, 0x0000000724200000|  0%| F|  |TAMS 0x0000000724000000, 0x0000000724000000| Untracked 
|  27|0x0000000724200000, 0x0000000724200000, 0x0000000724400000|  0%| F|  |TAMS 0x0000000724200000, 0x0000000724200000| Untracked 
|  28|0x0000000724400000, 0x0000000724400000, 0x0000000724600000|  0%| F|  |TAMS 0x0000000724400000, 0x0000000724400000| Untracked 
|  29|0x0000000724600000, 0x0000000724600000, 0x0000000724800000|  0%| F|  |TAMS 0x0000000724600000, 0x0000000724600000| Untracked 
|  30|0x0000000724800000, 0x0000000724800000, 0x0000000724a00000|  0%| F|  |TAMS 0x0000000724800000, 0x0000000724800000| Untracked 
|  31|0x0000000724a00000, 0x0000000724a00000, 0x0000000724c00000|  0%| F|  |TAMS 0x0000000724a00000, 0x0000000724a00000| Untracked 
|  32|0x0000000724c00000, 0x0000000724c00000, 0x0000000724e00000|  0%| F|  |TAMS 0x0000000724c00000, 0x0000000724c00000| Untracked 
|  33|0x0000000724e00000, 0x0000000724e00000, 0x0000000725000000|  0%| F|  |TAMS 0x0000000724e00000, 0x0000000724e00000| Untracked 
|  34|0x0000000725000000, 0x0000000725000000, 0x0000000725200000|  0%| F|  |TAMS 0x0000000725000000, 0x0000000725000000| Untracked 
|  35|0x0000000725200000, 0x0000000725200000, 0x0000000725400000|  0%| F|  |TAMS 0x0000000725200000, 0x0000000725200000| Untracked 
|  36|0x0000000725400000, 0x0000000725400000, 0x0000000725600000|  0%| F|  |TAMS 0x0000000725400000, 0x0000000725400000| Untracked 
|  37|0x0000000725600000, 0x0000000725600000, 0x0000000725800000|  0%| F|  |TAMS 0x0000000725600000, 0x0000000725600000| Untracked 
|  38|0x0000000725800000, 0x0000000725800000, 0x0000000725a00000|  0%| F|  |TAMS 0x0000000725800000, 0x0000000725800000| Untracked 
|  39|0x0000000725a00000, 0x0000000725a00000, 0x0000000725c00000|  0%| F|  |TAMS 0x0000000725a00000, 0x0000000725a00000| Untracked 
|  40|0x0000000725c00000, 0x0000000725c00000, 0x0000000725e00000|  0%| F|  |TAMS 0x0000000725c00000, 0x0000000725c00000| Untracked 
|  41|0x0000000725e00000, 0x0000000725e00000, 0x0000000726000000|  0%| F|  |TAMS 0x0000000725e00000, 0x0000000725e00000| Untracked 
|  42|0x0000000726000000, 0x0000000726000000, 0x0000000726200000|  0%| F|  |TAMS 0x0000000726000000, 0x0000000726000000| Untracked 
|  43|0x0000000726200000, 0x0000000726200000, 0x0000000726400000|  0%| F|  |TAMS 0x0000000726200000, 0x0000000726200000| Untracked 
|  44|0x0000000726400000, 0x0000000726400000, 0x0000000726600000|  0%| F|  |TAMS 0x0000000726400000, 0x0000000726400000| Untracked 
|  45|0x0000000726600000, 0x0000000726600000, 0x0000000726800000|  0%| F|  |TAMS 0x0000000726600000, 0x0000000726600000| Untracked 
|  46|0x0000000726800000, 0x0000000726800000, 0x0000000726a00000|  0%| F|  |TAMS 0x0000000726800000, 0x0000000726800000| Untracked 
|  47|0x0000000726a00000, 0x0000000726a00000, 0x0000000726c00000|  0%| F|  |TAMS 0x0000000726a00000, 0x0000000726a00000| Untracked 
|  48|0x0000000726c00000, 0x0000000726c00000, 0x0000000726e00000|  0%| F|  |TAMS 0x0000000726c00000, 0x0000000726c00000| Untracked 
|  49|0x0000000726e00000, 0x0000000726e00000, 0x0000000727000000|  0%| F|  |TAMS 0x0000000726e00000, 0x0000000726e00000| Untracked 
|  50|0x0000000727000000, 0x0000000727000000, 0x0000000727200000|  0%| F|  |TAMS 0x0000000727000000, 0x0000000727000000| Untracked 
|  51|0x0000000727200000, 0x0000000727200000, 0x0000000727400000|  0%| F|  |TAMS 0x0000000727200000, 0x0000000727200000| Untracked 
|  52|0x0000000727400000, 0x0000000727400000, 0x0000000727600000|  0%| F|  |TAMS 0x0000000727400000, 0x0000000727400000| Untracked 
|  53|0x0000000727600000, 0x0000000727600000, 0x0000000727800000|  0%| F|  |TAMS 0x0000000727600000, 0x0000000727600000| Untracked 
|  54|0x0000000727800000, 0x0000000727800000, 0x0000000727a00000|  0%| F|  |TAMS 0x0000000727800000, 0x0000000727800000| Untracked 
|  55|0x0000000727a00000, 0x0000000727a00000, 0x0000000727c00000|  0%| F|  |TAMS 0x0000000727a00000, 0x0000000727a00000| Untracked 
|  56|0x0000000727c00000, 0x0000000727c00000, 0x0000000727e00000|  0%| F|  |TAMS 0x0000000727c00000, 0x0000000727c00000| Untracked 
|  57|0x0000000727e00000, 0x0000000727e00000, 0x0000000728000000|  0%| F|  |TAMS 0x0000000727e00000, 0x0000000727e00000| Untracked 
|  58|0x0000000728000000, 0x0000000728000000, 0x0000000728200000|  0%| F|  |TAMS 0x0000000728000000, 0x0000000728000000| Untracked 
|  59|0x0000000728200000, 0x0000000728200000, 0x0000000728400000|  0%| F|  |TAMS 0x0000000728200000, 0x0000000728200000| Untracked 
|  60|0x0000000728400000, 0x0000000728400000, 0x0000000728600000|  0%| F|  |TAMS 0x0000000728400000, 0x0000000728400000| Untracked 
|  61|0x0000000728600000, 0x0000000728600000, 0x0000000728800000|  0%| F|  |TAMS 0x0000000728600000, 0x0000000728600000| Untracked 
|  62|0x0000000728800000, 0x0000000728800000, 0x0000000728a00000|  0%| F|  |TAMS 0x0000000728800000, 0x0000000728800000| Untracked 
|  63|0x0000000728a00000, 0x0000000728a00000, 0x0000000728c00000|  0%| F|  |TAMS 0x0000000728a00000, 0x0000000728a00000| Untracked 
|  64|0x0000000728c00000, 0x0000000728c00000, 0x0000000728e00000|  0%| F|  |TAMS 0x0000000728c00000, 0x0000000728c00000| Untracked 
|  65|0x0000000728e00000, 0x0000000728e00000, 0x0000000729000000|  0%| F|  |TAMS 0x0000000728e00000, 0x0000000728e00000| Untracked 
|  66|0x0000000729000000, 0x0000000729000000, 0x0000000729200000|  0%| F|  |TAMS 0x0000000729000000, 0x0000000729000000| Untracked 
|  67|0x0000000729200000, 0x0000000729200000, 0x0000000729400000|  0%| F|  |TAMS 0x0000000729200000, 0x0000000729200000| Untracked 
|  68|0x0000000729400000, 0x0000000729400000, 0x0000000729600000|  0%| F|  |TAMS 0x0000000729400000, 0x0000000729400000| Untracked 
|  69|0x0000000729600000, 0x0000000729600000, 0x0000000729800000|  0%| F|  |TAMS 0x0000000729600000, 0x0000000729600000| Untracked 
|  70|0x0000000729800000, 0x0000000729800000, 0x0000000729a00000|  0%| F|  |TAMS 0x0000000729800000, 0x0000000729800000| Untracked 
|  71|0x0000000729a00000, 0x0000000729a00000, 0x0000000729c00000|  0%| F|  |TAMS 0x0000000729a00000, 0x0000000729a00000| Untracked 
|  72|0x0000000729c00000, 0x0000000729c00000, 0x0000000729e00000|  0%| F|  |TAMS 0x0000000729c00000, 0x0000000729c00000| Untracked 
|  73|0x0000000729e00000, 0x0000000729e00000, 0x000000072a000000|  0%| F|  |TAMS 0x0000000729e00000, 0x0000000729e00000| Untracked 
|  74|0x000000072a000000, 0x000000072a000000, 0x000000072a200000|  0%| F|  |TAMS 0x000000072a000000, 0x000000072a000000| Untracked 
|  75|0x000000072a200000, 0x000000072a200000, 0x000000072a400000|  0%| F|  |TAMS 0x000000072a200000, 0x000000072a200000| Untracked 
|  76|0x000000072a400000, 0x000000072a400000, 0x000000072a600000|  0%| F|  |TAMS 0x000000072a400000, 0x000000072a400000| Untracked 
|  77|0x000000072a600000, 0x000000072a600000, 0x000000072a800000|  0%| F|  |TAMS 0x000000072a600000, 0x000000072a600000| Untracked 
|  78|0x000000072a800000, 0x000000072a800000, 0x000000072aa00000|  0%| F|  |TAMS 0x000000072a800000, 0x000000072a800000| Untracked 
|  79|0x000000072aa00000, 0x000000072aa00000, 0x000000072ac00000|  0%| F|  |TAMS 0x000000072aa00000, 0x000000072aa00000| Untracked 
|  80|0x000000072ac00000, 0x000000072ac00000, 0x000000072ae00000|  0%| F|  |TAMS 0x000000072ac00000, 0x000000072ac00000| Untracked 
|  81|0x000000072ae00000, 0x000000072ae00000, 0x000000072b000000|  0%| F|  |TAMS 0x000000072ae00000, 0x000000072ae00000| Untracked 
|  82|0x000000072b000000, 0x000000072b000000, 0x000000072b200000|  0%| F|  |TAMS 0x000000072b000000, 0x000000072b000000| Untracked 
|  83|0x000000072b200000, 0x000000072b200000, 0x000000072b400000|  0%| F|  |TAMS 0x000000072b200000, 0x000000072b200000| Untracked 
|  84|0x000000072b400000, 0x000000072b400000, 0x000000072b600000|  0%| F|  |TAMS 0x000000072b400000, 0x000000072b400000| Untracked 
|  85|0x000000072b600000, 0x000000072b600000, 0x000000072b800000|  0%| F|  |TAMS 0x000000072b600000, 0x000000072b600000| Untracked 
|  86|0x000000072b800000, 0x000000072b800000, 0x000000072ba00000|  0%| F|  |TAMS 0x000000072b800000, 0x000000072b800000| Untracked 
|  87|0x000000072ba00000, 0x000000072ba00000, 0x000000072bc00000|  0%| F|  |TAMS 0x000000072ba00000, 0x000000072ba00000| Untracked 
|  88|0x000000072bc00000, 0x000000072bc00000, 0x000000072be00000|  0%| F|  |TAMS 0x000000072bc00000, 0x000000072bc00000| Untracked 
|  89|0x000000072be00000, 0x000000072be00000, 0x000000072c000000|  0%| F|  |TAMS 0x000000072be00000, 0x000000072be00000| Untracked 
|  90|0x000000072c000000, 0x000000072c000000, 0x000000072c200000|  0%| F|  |TAMS 0x000000072c000000, 0x000000072c000000| Untracked 
|  91|0x000000072c200000, 0x000000072c200000, 0x000000072c400000|  0%| F|  |TAMS 0x000000072c200000, 0x000000072c200000| Untracked 
|  92|0x000000072c400000, 0x000000072c400000, 0x000000072c600000|  0%| F|  |TAMS 0x000000072c400000, 0x000000072c400000| Untracked 
|  93|0x000000072c600000, 0x000000072c600000, 0x000000072c800000|  0%| F|  |TAMS 0x000000072c600000, 0x000000072c600000| Untracked 
|  94|0x000000072c800000, 0x000000072c800000, 0x000000072ca00000|  0%| F|  |TAMS 0x000000072c800000, 0x000000072c800000| Untracked 
|  95|0x000000072ca00000, 0x000000072ca00000, 0x000000072cc00000|  0%| F|  |TAMS 0x000000072ca00000, 0x000000072ca00000| Untracked 
|  96|0x000000072cc00000, 0x000000072cc00000, 0x000000072ce00000|  0%| F|  |TAMS 0x000000072cc00000, 0x000000072cc00000| Untracked 
|  97|0x000000072ce00000, 0x000000072ce00000, 0x000000072d000000|  0%| F|  |TAMS 0x000000072ce00000, 0x000000072ce00000| Untracked 
|  98|0x000000072d000000, 0x000000072d000000, 0x000000072d200000|  0%| F|  |TAMS 0x000000072d000000, 0x000000072d000000| Untracked 
|  99|0x000000072d200000, 0x000000072d200000, 0x000000072d400000|  0%| F|  |TAMS 0x000000072d200000, 0x000000072d200000| Untracked 
| 100|0x000000072d400000, 0x000000072d400000, 0x000000072d600000|  0%| F|  |TAMS 0x000000072d400000, 0x000000072d400000| Untracked 
| 101|0x000000072d600000, 0x000000072d600000, 0x000000072d800000|  0%| F|  |TAMS 0x000000072d600000, 0x000000072d600000| Untracked 
| 102|0x000000072d800000, 0x000000072da00000, 0x000000072da00000|100%| E|  |TAMS 0x000000072d800000, 0x000000072d800000| Complete 
| 103|0x000000072da00000, 0x000000072dc00000, 0x000000072dc00000|100%| E|CS|TAMS 0x000000072da00000, 0x000000072da00000| Complete 
| 104|0x000000072dc00000, 0x000000072de00000, 0x000000072de00000|100%| E|CS|TAMS 0x000000072dc00000, 0x000000072dc00000| Complete 
| 105|0x000000072de00000, 0x000000072e000000, 0x000000072e000000|100%| E|CS|TAMS 0x000000072de00000, 0x000000072de00000| Complete 
| 106|0x000000072e000000, 0x000000072e200000, 0x000000072e200000|100%| E|CS|TAMS 0x000000072e000000, 0x000000072e000000| Complete 
| 107|0x000000072e200000, 0x000000072e400000, 0x000000072e400000|100%| E|CS|TAMS 0x000000072e200000, 0x000000072e200000| Complete 
| 108|0x000000072e400000, 0x000000072e600000, 0x000000072e600000|100%| E|  |TAMS 0x000000072e400000, 0x000000072e400000| Complete 
| 109|0x000000072e600000, 0x000000072e800000, 0x000000072e800000|100%| E|CS|TAMS 0x000000072e600000, 0x000000072e600000| Complete 
| 110|0x000000072e800000, 0x000000072ea00000, 0x000000072ea00000|100%| E|CS|TAMS 0x000000072e800000, 0x000000072e800000| Complete 
| 111|0x000000072ea00000, 0x000000072ec00000, 0x000000072ec00000|100%| E|CS|TAMS 0x000000072ea00000, 0x000000072ea00000| Complete 

Card table byte_map: [0x000001fbf8480000,0x000001fbf8b80000] _byte_map_base: 0x000001fbf4b7a000

Marking Bits (Prev, Next): (CMBitMap*) 0x000001fbe34ccf60, (CMBitMap*) 0x000001fbe34ccfa0
 Prev Bits: [0x000001fbf9280000, 0x000001fbfca50000)
 Next Bits: [0x000001fb80000000, 0x000001fb837d0000)

Polling page: 0x000001fbe3540000

Metaspace:

Usage:
  Non-class:     11.69 MB used.
      Class:      1.23 MB used.
       Both:     12.93 MB used.

Virtual space:
  Non-class space:       16.00 MB reserved,      11.81 MB ( 74%) committed,  2 nodes.
      Class space:        1.00 GB reserved,       1.38 MB ( <1%) committed,  1 nodes.
             Both:        1.02 GB reserved,      13.19 MB (  1%) committed. 

Chunk freelists:
   Non-Class:  239.00 KB
       Class:  2.62 MB
        Both:  2.85 MB

MaxMetaspaceSize: unlimited
CompressedClassSpaceSize: 1.00 GB
Initial GC threshold: 21.00 MB
Current GC threshold: 21.00 MB
CDS: off
MetaspaceReclaimPolicy: balanced
 - commit_granule_bytes: 65536.
 - commit_granule_words: 8192.
 - virtual_space_node_default_size: 1048576.
 - enlarge_chunks_in_place: 1.
 - new_chunks_are_fully_committed: 0.
 - uncommit_free_chunks: 1.
 - use_allocation_guard: 0.
 - handle_deallocations: 1.


Internal statistics:

num_allocs_failed_limit: 0.
num_arena_births: 108.
num_arena_deaths: 0.
num_vsnodes_births: 3.
num_vsnodes_deaths: 0.
num_space_committed: 211.
num_space_uncommitted: 0.
num_chunks_returned_to_freelist: 0.
num_chunks_taken_from_freelist: 152.
num_chunk_merges: 0.
num_chunk_splits: 88.
num_chunks_enlarged: 49.
num_purges: 0.
num_inconsistent_stats: 0.

CodeHeap 'non-profiled nmethods': size=120000Kb used=508Kb max_used=508Kb free=119492Kb
 bounds [0x000001fbefde0000, 0x000001fbf0050000, 0x000001fbf7310000]
CodeHeap 'profiled nmethods': size=120000Kb used=2528Kb max_used=2528Kb free=117471Kb
 bounds [0x000001fbe8310000, 0x000001fbe8590000, 0x000001fbef840000]
CodeHeap 'non-nmethods': size=5760Kb used=1248Kb max_used=1272Kb free=4511Kb
 bounds [0x000001fbef840000, 0x000001fbefab0000, 0x000001fbefde0000]
 total_blobs=2097 nmethods=1532 adapters=477
 compilation: enabled
              stopped_count=0, restarted_count=0
 full_count=0

Compilation events (20 events):
Event: 15291.013 Thread 0x000001fb84060020 nmethod 1524 0x000001fbe8585010 code [0x000001fbe85851a0, 0x000001fbe85852e8]
Event: 15291.013 Thread 0x000001fb84060020 1525       3       java.lang.AbstractStringBuilder::append (55 bytes)
Event: 15291.013 Thread 0x000001fb84060020 nmethod 1525 0x000001fbe8585390 code [0x000001fbe8585560, 0x000001fbe8585898]
Event: 15292.072 Thread 0x000001fb84060020 1526       3       java.lang.StringLatin1::indexOf (36 bytes)
Event: 15292.073 Thread 0x000001fb84060020 nmethod 1526 0x000001fbe8585a10 code [0x000001fbe8585be0, 0x000001fbe8585ee8]
Event: 15292.190 Thread 0x000001fb84060020 1527       3       sun.java2d.loops.GraphicsPrimitiveMgr$2::compare (39 bytes)
Event: 15292.191 Thread 0x000001fb84060020 nmethod 1527 0x000001fbe8586010 code [0x000001fbe85861e0, 0x000001fbe85865f8]
Event: 15292.191 Thread 0x000001fb84060020 1528       1       sun.java2d.loops.CompositeType::getSuperType (5 bytes)
Event: 15292.191 Thread 0x000001fb84060020 nmethod 1528 0x000001fbefe5e590 code [0x000001fbefe5e720, 0x000001fbefe5e7f8]
Event: 15292.191 Thread 0x000001fb84060020 1529       3       java.util.Arrays::binarySearch0 (95 bytes)
Event: 15292.191 Thread 0x000001fb84060020 nmethod 1529 0x000001fbe8586710 code [0x000001fbe85868e0, 0x000001fbe8586d18]
Event: 15292.191 Thread 0x000001fb84060020 1530       3       sun.java2d.loops.GraphicsPrimitiveMgr::locate (104 bytes)
Event: 15292.192 Thread 0x000001fb84060020 nmethod 1530 0x000001fbe8586e90 code [0x000001fbe85870c0, 0x000001fbe8587b58]
Event: 15292.192 Thread 0x000001fb84060020 1531       3       java.util.Arrays::binarySearch (10 bytes)
Event: 15292.192 Thread 0x000001fb84060020 nmethod 1531 0x000001fbe8587e10 code [0x000001fbe8587fa0, 0x000001fbe85880c8]
Event: 15292.192 Thread 0x000001fb84060020 1532       1       sun.java2d.loops.SurfaceType::getSuperType (5 bytes)
Event: 15292.192 Thread 0x000001fb84060020 nmethod 1532 0x000001fbefe5e890 code [0x000001fbefe5ea20, 0x000001fbefe5eaf8]
Event: 15292.575 Thread 0x000001fb8405d360 1533       4       sun.awt.Win32GraphicsConfig::getDefaultTransform (24 bytes)
Event: 15292.578 Thread 0x000001fb8405d360 nmethod 1533 0x000001fbefe5eb90 code [0x000001fbefe5ed40, 0x000001fbefe5eed8]
Event: 15292.578 Thread 0x000001fb8405d360 1534   !   4       java.awt.Component::firePropertyChange (59 bytes)

GC Heap History (0 events):
No events

Dll operation events (7 events):
Event: 0.005 Loaded shared library C:\Users\a\.p2\pool\plugins\org.eclipse.justj.openjdk.hotspot.jre.full.win32.x86_64_17.0.6.v20230204-1729\jre\bin\java.dll
Event: 0.125 Loaded shared library C:\Users\a\.p2\pool\plugins\org.eclipse.justj.openjdk.hotspot.jre.full.win32.x86_64_17.0.6.v20230204-1729\jre\bin\jimage.dll
Event: 0.166 Loaded shared library C:\Users\a\.p2\pool\plugins\org.eclipse.justj.openjdk.hotspot.jre.full.win32.x86_64_17.0.6.v20230204-1729\jre\bin\awt.dll
Event: 0.504 Loaded shared library C:\Users\a\.p2\pool\plugins\org.eclipse.justj.openjdk.hotspot.jre.full.win32.x86_64_17.0.6.v20230204-1729\jre\bin\freetype.dll
Event: 0.505 Loaded shared library C:\Users\a\.p2\pool\plugins\org.eclipse.justj.openjdk.hotspot.jre.full.win32.x86_64_17.0.6.v20230204-1729\jre\bin\fontmanager.dll
Event: 0.612 Loaded shared library C:\Users\a\.p2\pool\plugins\org.eclipse.justj.openjdk.hotspot.jre.full.win32.x86_64_17.0.6.v20230204-1729\jre\bin\net.dll
Event: 0.615 Loaded shared library C:\Users\a\.p2\pool\plugins\org.eclipse.justj.openjdk.hotspot.jre.full.win32.x86_64_17.0.6.v20230204-1729\jre\bin\nio.dll

Deoptimization events (20 events):
Event: 3.383 Thread 0x000001fb84bec760 DEOPT PACKING pc=0x000001fbe852a5fe sp=0x00000063ea0fe560
Event: 3.383 Thread 0x000001fb84bec760 DEOPT UNPACKING pc=0x000001fbef897143 sp=0x00000063ea0fda08 mode 0
Event: 459.068 Thread 0x000001fb8c039980 Uncommon trap: trap_request=0xffffffcc fr.pc=0x000001fbefe584e0 relative=0x0000000000000240
Event: 459.068 Thread 0x000001fb8c039980 Uncommon trap: reason=intrinsic_or_type_checked_inlining action=make_not_entrant pc=0x000001fbefe584e0 method=java.util.Arrays.copyOf([Ljava/lang/Object;ILjava/lang/Class;)[Ljava/lang/Object; @ 35 c2
Event: 459.068 Thread 0x000001fb8c039980 DEOPT PACKING pc=0x000001fbefe584e0 sp=0x00000063ea1ff1e0
Event: 459.068 Thread 0x000001fb8c039980 DEOPT UNPACKING pc=0x000001fbef8969a3 sp=0x00000063ea1ff170 mode 2
Event: 535.019 Thread 0x000001fb8c039980 Uncommon trap: trap_request=0xffffffdc fr.pc=0x000001fbefe59544 relative=0x00000000000001a4
Event: 535.019 Thread 0x000001fb8c039980 Uncommon trap: reason=class_check action=make_not_entrant pc=0x000001fbefe59544 method=java.util.ArrayList.toArray([Ljava/lang/Object;)[Ljava/lang/Object; @ 21 c2
Event: 535.019 Thread 0x000001fb8c039980 DEOPT PACKING pc=0x000001fbefe59544 sp=0x00000063ea1ff240
Event: 535.019 Thread 0x000001fb8c039980 DEOPT UNPACKING pc=0x000001fbef8969a3 sp=0x00000063ea1ff200 mode 2
Event: 5944.934 Thread 0x000001fb8c039980 DEOPT PACKING pc=0x000001fbe857ecff sp=0x00000063ea1ff200
Event: 5944.934 Thread 0x000001fb8c039980 DEOPT UNPACKING pc=0x000001fbef897143 sp=0x00000063ea1fe790 mode 0
Event: 6388.209 Thread 0x000001fb8c039980 DEOPT PACKING pc=0x000001fbe857afab sp=0x00000063ea1ff1f0
Event: 6388.209 Thread 0x000001fb8c039980 DEOPT UNPACKING pc=0x000001fbef897143 sp=0x00000063ea1fe790 mode 0
Event: 15292.072 Thread 0x000001fb84bec760 DEOPT PACKING pc=0x000001fbe83274e7 sp=0x00000063ea0fd380
Event: 15292.072 Thread 0x000001fb84bec760 DEOPT UNPACKING pc=0x000001fbef897143 sp=0x00000063ea0fc7a0 mode 0
Event: 15292.342 Thread 0x000001fb8c039980 Uncommon trap: trap_request=0xffffffcc fr.pc=0x000001fbefe5bb68 relative=0x0000000000000b68
Event: 15292.342 Thread 0x000001fb8c039980 Uncommon trap: reason=intrinsic_or_type_checked_inlining action=make_not_entrant pc=0x000001fbefe5bb68 method=java.util.ArrayList.toArray([Ljava/lang/Object;)[Ljava/lang/Object; @ 36 c2
Event: 15292.342 Thread 0x000001fb8c039980 DEOPT PACKING pc=0x000001fbefe5bb68 sp=0x00000063ea1ff2f0
Event: 15292.342 Thread 0x000001fb8c039980 DEOPT UNPACKING pc=0x000001fbef8969a3 sp=0x00000063ea1ff200 mode 2

Classes unloaded (0 events):
No events

Classes redefined (0 events):
No events

Internal exceptions (16 events):
Event: 0.156 Thread 0x000001fbe34661b0 Exception <a 'java/lang/ClassNotFoundException'{0x000000072ebd1d58}: sun/awt/resources/spi/awtProvider> (0x000000072ebd1d58) 
thrown [s\src\hotspot\share\classfile\systemDictionary.cpp, line 256]
Event: 0.185 Thread 0x000001fbe34661b0 Exception <a 'java/io/FileNotFoundException'{0x000000072e82d168}> (0x000000072e82d168) 
thrown [s\src\hotspot\share\prims\jni.cpp, line 516]
Event: 0.190 Thread 0x000001fbe34661b0 Exception <a 'java/io/FileNotFoundException'{0x000000072e85a2c8}> (0x000000072e85a2c8) 
thrown [s\src\hotspot\share\prims\jni.cpp, line 516]
Event: 0.241 Thread 0x000001fbe34661b0 Exception <a 'java/lang/NoSuchMethodError'{0x000000072e89bad0}: 'java.lang.Object java.lang.invoke.DirectMethodHandle$Holder.invokeStaticInit(java.lang.Object)'> (0x000000072e89bad0) 
thrown [s\src\hotspot\share\interpreter\linkResolver.cpp, line 759]
Event: 0.365 Thread 0x000001fbe34661b0 Exception <a 'java/lang/NoSuchMethodError'{0x000000072e957558}: 'void java.lang.invoke.DirectMethodHandle$Holder.invokeSpecial(java.lang.Object, java.lang.Object, java.lang.Object)'> (0x000000072e957558) 
thrown [s\src\hotspot\share\interpreter\linkResolver.cpp, line 759]
Event: 0.372 Thread 0x000001fbe34661b0 Exception <a 'java/lang/NoSuchMethodError'{0x000000072e981508}: 'java.lang.Object java.lang.invoke.DirectMethodHandle$Holder.newInvokeSpecial(java.lang.Object, java.lang.Object, java.lang.Object, java.lang.Object, java.lang.Object)'> (0x000000072e981508) 
thrown [s\src\hotspot\share\interpreter\linkResolver.cpp, line 759]
Event: 0.373 Thread 0x000001fbe34661b0 Exception <a 'java/lang/NoSuchMethodError'{0x000000072e98ced0}: 'java.lang.Object java.lang.invoke.DirectMethodHandle$Holder.invokeStatic(java.lang.Object, int, java.lang.Object, java.lang.Object, java.lang.Object, java.lang.Object)'> (0x000000072e98ced0) 
thrown [s\src\hotspot\share\interpreter\linkResolver.cpp, line 759]
Event: 0.376 Thread 0x000001fbe34661b0 Exception <a 'java/lang/NoSuchMethodError'{0x000000072e9b2690}: 'java.lang.Object java.lang.invoke.DirectMethodHandle$Holder.invokeStatic(java.lang.Object, int, java.lang.Object)'> (0x000000072e9b2690) 
thrown [s\src\hotspot\share\interpreter\linkResolver.cpp, line 759]
Event: 0.396 Thread 0x000001fbe34661b0 Exception <a 'java/lang/ClassNotFoundException'{0x000000072e66a5e0}: com/sun/swing/internal/plaf/metal/resources/spi/metalProvider> (0x000000072e66a5e0) 
thrown [s\src\hotspot\share\classfile\systemDictionary.cpp, line 256]
Event: 0.397 Thread 0x000001fbe34661b0 Exception <a 'java/lang/ClassNotFoundException'{0x000000072e66ed80}: com/sun/swing/internal/plaf/basic/resources/spi/basicProvider> (0x000000072e66ed80) 
thrown [s\src\hotspot\share\classfile\systemDictionary.cpp, line 256]
Event: 0.498 Thread 0x000001fbe34661b0 Exception <a 'java/lang/NoSuchMethodError'{0x000000072e7f1c78}: 'void java.lang.invoke.DirectMethodHandle$Holder.invokeStaticInit(java.lang.Object)'> (0x000000072e7f1c78) 
thrown [s\src\hotspot\share\interpreter\linkResolver.cpp, line 759]
Event: 0.498 Thread 0x000001fbe34661b0 Implicit null exception at 0x000001fbefe0bfd6 to 0x000001fbefe0c0d4
Event: 0.509 Thread 0x000001fbe34661b0 Exception <a 'java/io/FileNotFoundException'{0x000000072e7ff3a8}> (0x000000072e7ff3a8) 
thrown [s\src\hotspot\share\prims\jni.cpp, line 516]
Event: 0.592 Thread 0x000001fb84625580 Exception <a 'java/lang/NoSuchMethodError'{0x000000072e8f20f0}: 'void java.lang.invoke.DirectMethodHandle$Holder.invokeVirtual(java.lang.Object, java.lang.Object)'> (0x000000072e8f20f0) 
thrown [s\src\hotspot\share\interpreter\linkResolver.cpp, line 759]
Event: 0.776 Thread 0x000001fb84bec760 Implicit null exception at 0x000001fbefe0f29f to 0x000001fbefe0ff3c
Event: 0.776 Thread 0x000001fb84bec760 Implicit null exception at 0x000001fbefe0c458 to 0x000001fbefe0c654

VM Operations (20 events):
Event: 0.408 Executing VM operation: HandshakeAllThreads
Event: 0.408 Executing VM operation: HandshakeAllThreads done
Event: 0.469 Executing VM operation: HandshakeAllThreads
Event: 0.469 Executing VM operation: HandshakeAllThreads done
Event: 0.522 Executing VM operation: HandshakeAllThreads
Event: 0.522 Executing VM operation: HandshakeAllThreads done
Event: 0.775 Executing VM operation: HandshakeAllThreads
Event: 0.775 Executing VM operation: HandshakeAllThreads done
Event: 0.781 Executing VM operation: ICBufferFull
Event: 0.782 Executing VM operation: ICBufferFull done
Event: 0.878 Executing VM operation: HandshakeAllThreads
Event: 0.878 Executing VM operation: HandshakeAllThreads done
Event: 1.891 Executing VM operation: Cleanup
Event: 1.892 Executing VM operation: Cleanup done
Event: 2.903 Executing VM operation: Cleanup
Event: 2.903 Executing VM operation: Cleanup done
Event: 3.912 Executing VM operation: Cleanup
Event: 3.912 Executing VM operation: Cleanup done
Event: 3504.060 Executing VM operation: Cleanup
Event: 3504.060 Executing VM operation: Cleanup done

Events (20 events):
Event: 15292.183 loading class java/awt/image/BufferedImage
Event: 15292.184 loading class java/awt/image/WritableRenderedImage
Event: 15292.184 loading class java/awt/image/RenderedImage
Event: 15292.185 loading class java/awt/image/RenderedImage done
Event: 15292.185 loading class java/awt/image/WritableRenderedImage done
Event: 15292.185 loading class java/awt/image/BufferedImage done
Event: 15292.185 loading class java/awt/image/BufferedImage$1
Event: 15292.185 loading class java/awt/image/BufferedImage$1 done
Event: 15292.185 loading class sun/awt/image/BufImgSurfaceData
Event: 15292.186 loading class sun/awt/image/BufImgSurfaceData done
Event: 15292.186 loading class sun/awt/image/BufImgSurfaceData$ICMColorData
Event: 15292.186 loading class sun/awt/image/BufImgSurfaceData$ICMColorData done
Event: 15292.187 loading class sun/java2d/loops/RenderLoops
Event: 15292.187 loading class sun/java2d/loops/RenderLoops done
Event: 15292.191 loading class sun/java2d/loops/DrawGlyphListColor
Event: 15292.192 loading class sun/java2d/loops/DrawGlyphListColor done
Event: 15292.192 loading class sun/java2d/loops/DrawGlyphListColor$General
Event: 15292.192 loading class sun/java2d/loops/DrawGlyphListColor$General done
Event: 15292.192 loading class sun/java2d/loops/Blit$GeneralMaskBlit
Event: 15292.194 loading class sun/java2d/loops/Blit$GeneralMaskBlit done


Dynamic libraries:
0x00007ff6ca730000 - 0x00007ff6ca73e000 	C:\Users\a\.p2\pool\plugins\org.eclipse.justj.openjdk.hotspot.jre.full.win32.x86_64_17.0.6.v20230204-1729\jre\bin\javaw.exe
0x00007ffdea930000 - 0x00007ffdeab28000 	C:\Windows\SYSTEM32\ntdll.dll
0x00007ffdea170000 - 0x00007ffdea22f000 	C:\Windows\System32\KERNEL32.DLL
0x00007ffde80e0000 - 0x00007ffde83b2000 	C:\Windows\System32\KERNELBASE.dll
0x00007ffde8870000 - 0x00007ffde8970000 	C:\Windows\System32\ucrtbase.dll
0x00007ffdc3870000 - 0x00007ffdc3887000 	C:\Users\a\.p2\pool\plugins\org.eclipse.justj.openjdk.hotspot.jre.full.win32.x86_64_17.0.6.v20230204-1729\jre\bin\jli.dll
0x00007ffdd9120000 - 0x00007ffdd9139000 	C:\Users\a\.p2\pool\plugins\org.eclipse.justj.openjdk.hotspot.jre.full.win32.x86_64_17.0.6.v20230204-1729\jre\bin\VCRUNTIME140.dll
0x00007ffdea2c0000 - 0x00007ffdea461000 	C:\Windows\System32\USER32.dll
0x00007ffde8020000 - 0x00007ffde8042000 	C:\Windows\System32\win32u.dll
0x00007ffddb9e0000 - 0x00007ffddbc7a000 	C:\Windows\WinSxS\amd64_microsoft.windows.common-controls_6595b64144ccf1df_6.0.19041.1110_none_60b5254171f9507e\COMCTL32.dll
0x00007ffde8970000 - 0x00007ffde899b000 	C:\Windows\System32\GDI32.dll
0x00007ffde96e0000 - 0x00007ffde977e000 	C:\Windows\System32\msvcrt.dll
0x00007ffde8760000 - 0x00007ffde886f000 	C:\Windows\System32\gdi32full.dll
0x00007ffde8550000 - 0x00007ffde85ed000 	C:\Windows\System32\msvcp_win.dll
0x00007ffdea120000 - 0x00007ffdea152000 	C:\Windows\System32\IMM32.DLL
0x00007ffdd8aa0000 - 0x00007ffdd8aac000 	C:\Users\a\.p2\pool\plugins\org.eclipse.justj.openjdk.hotspot.jre.full.win32.x86_64_17.0.6.v20230204-1729\jre\bin\vcruntime140_1.dll
0x00007ffdb6cc0000 - 0x00007ffdb6d51000 	C:\Users\a\.p2\pool\plugins\org.eclipse.justj.openjdk.hotspot.jre.full.win32.x86_64_17.0.6.v20230204-1729\jre\bin\msvcp140.dll
0x00007ffda69c0000 - 0x00007ffda7607000 	C:\Users\a\.p2\pool\plugins\org.eclipse.justj.openjdk.hotspot.jre.full.win32.x86_64_17.0.6.v20230204-1729\jre\bin\server\jvm.dll
0x00007ffdea6b0000 - 0x00007ffdea75e000 	C:\Windows\System32\ADVAPI32.dll
0x00007ffde90f0000 - 0x00007ffde918c000 	C:\Windows\System32\sechost.dll
0x00007ffde8fc0000 - 0x00007ffde90e5000 	C:\Windows\System32\RPCRT4.dll
0x00007ffdd71f0000 - 0x00007ffdd71f9000 	C:\Windows\SYSTEM32\WSOCK32.dll
0x00007ffde03c0000 - 0x00007ffde03ca000 	C:\Windows\SYSTEM32\VERSION.dll
0x00007ffdd7070000 - 0x00007ffdd7097000 	C:\Windows\SYSTEM32\WINMM.dll
0x00007ffde9670000 - 0x00007ffde96db000 	C:\Windows\System32\WS2_32.dll
0x00007ffde5e20000 - 0x00007ffde5e32000 	C:\Windows\SYSTEM32\kernel.appcore.dll
0x00007ffdd41b0000 - 0x00007ffdd41ba000 	C:\Users\a\.p2\pool\plugins\org.eclipse.justj.openjdk.hotspot.jre.full.win32.x86_64_17.0.6.v20230204-1729\jre\bin\jimage.dll
0x00007ffde1740000 - 0x00007ffde1924000 	C:\Windows\SYSTEM32\DBGHELP.DLL
0x00007ffddc1c0000 - 0x00007ffddc1f5000 	C:\Windows\SYSTEM32\dbgcore.DLL
0x00007ffde8050000 - 0x00007ffde80d2000 	C:\Windows\System32\bcryptPrimitives.dll
0x00007ffdcd320000 - 0x00007ffdcd345000 	C:\Users\a\.p2\pool\plugins\org.eclipse.justj.openjdk.hotspot.jre.full.win32.x86_64_17.0.6.v20230204-1729\jre\bin\java.dll
0x00007ffdceb10000 - 0x00007ffdceb28000 	C:\Users\a\.p2\pool\plugins\org.eclipse.justj.openjdk.hotspot.jre.full.win32.x86_64_17.0.6.v20230204-1729\jre\bin\zip.dll
0x00007ffde98c0000 - 0x00007ffdea005000 	C:\Windows\System32\SHELL32.dll
0x00007ffde6100000 - 0x00007ffde6892000 	C:\Windows\SYSTEM32\windows.storage.dll
0x00007ffde9190000 - 0x00007ffde94e5000 	C:\Windows\System32\combase.dll
0x00007ffde79a0000 - 0x00007ffde79d0000 	C:\Windows\SYSTEM32\Wldp.dll
0x00007ffdea070000 - 0x00007ffdea11d000 	C:\Windows\System32\SHCORE.dll
0x00007ffdea010000 - 0x00007ffdea065000 	C:\Windows\System32\shlwapi.dll
0x00007ffde7f60000 - 0x00007ffde7f7f000 	C:\Windows\SYSTEM32\profapi.dll
0x00007ffda9eb0000 - 0x00007ffdaa03e000 	C:\Users\a\.p2\pool\plugins\org.eclipse.justj.openjdk.hotspot.jre.full.win32.x86_64_17.0.6.v20230204-1729\jre\bin\awt.dll
0x00007ffdea820000 - 0x00007ffdea8ed000 	C:\Windows\System32\OLEAUT32.dll
0x00007ffde5850000 - 0x00007ffde58e0000 	C:\Windows\SYSTEM32\apphelp.dll
0x00007ffde5df0000 - 0x00007ffde5e1f000 	C:\Windows\system32\DWMAPI.DLL
0x00007ffde5a30000 - 0x00007ffde5ace000 	C:\Windows\system32\uxtheme.dll
0x00007ffdae740000 - 0x00007ffdae865000 	C:\Windows\system32\opengl32.dll
0x00007ffdbecd0000 - 0x00007ffdbecfc000 	C:\Windows\SYSTEM32\GLU32.dll
0x00007ffde9550000 - 0x00007ffde9665000 	C:\Windows\System32\MSCTF.dll
0x00007ffde9790000 - 0x00007ffde98ba000 	C:\Windows\System32\ole32.dll
0x00007ffd9ff70000 - 0x00007ffda013e000 	C:\Windows\system32\d3d9.dll
0x00007ffdd8450000 - 0x00007ffdd860b000 	C:\Windows\System32\DriverStore\FileRepository\u0384804.inf_amd64_41ca4ca6939f5e56\B384763\aticfx64.dll
0x00007ffdd4270000 - 0x00007ffdd42a4000 	C:\Windows\System32\DriverStore\FileRepository\u0384804.inf_amd64_41ca4ca6939f5e56\B384763\atiu9p64.dll
0x00007ffdaea80000 - 0x00007ffdaf7d5000 	C:\Windows\System32\DriverStore\FileRepository\u0384804.inf_amd64_41ca4ca6939f5e56\B384763\atiumd64.dll
0x000000006cb30000 - 0x000000006da57000 	C:\Windows\System32\DriverStore\FileRepository\u0384804.inf_amd64_41ca4ca6939f5e56\B384763\atiumd6a.dll
0x00007ffde89a0000 - 0x00007ffde8e08000 	C:\Windows\System32\SETUPAPI.dll
0x00007ffde85f0000 - 0x00007ffde863e000 	C:\Windows\System32\cfgmgr32.dll
0x00007ffde7e90000 - 0x00007ffde7edb000 	C:\Windows\SYSTEM32\POWRPROF.dll
0x00007ffde8520000 - 0x00007ffde8547000 	C:\Windows\System32\bcrypt.dll
0x00007ffde7e70000 - 0x00007ffde7e82000 	C:\Windows\SYSTEM32\UMPDC.dll
0x00007ffdd4720000 - 0x00007ffdd4755000 	C:\Windows\SYSTEM32\amdihk64.dll
0x00007ffdd4760000 - 0x00007ffdd479b000 	C:\Windows\SYSTEM32\dxcore.dll
0x00007ffdb6c30000 - 0x00007ffdb6cb6000 	C:\Users\a\.p2\pool\plugins\org.eclipse.justj.openjdk.hotspot.jre.full.win32.x86_64_17.0.6.v20230204-1729\jre\bin\freetype.dll
0x00007ffda9de0000 - 0x00007ffda9ea5000 	C:\Users\a\.p2\pool\plugins\org.eclipse.justj.openjdk.hotspot.jre.full.win32.x86_64_17.0.6.v20230204-1729\jre\bin\fontmanager.dll
0x00007ffde12a0000 - 0x00007ffde1399000 	C:\Windows\SYSTEM32\textinputframework.dll
0x00007ffde52c0000 - 0x00007ffde561e000 	C:\Windows\System32\CoreUIComponents.dll
0x00007ffde5620000 - 0x00007ffde5712000 	C:\Windows\System32\CoreMessaging.dll
0x00007ffde3f60000 - 0x00007ffde40b4000 	C:\Windows\SYSTEM32\wintypes.dll
0x00007ffde7160000 - 0x00007ffde7193000 	C:\Windows\SYSTEM32\ntmarta.dll
0x00007ffdcbc00000 - 0x00007ffdcbc19000 	C:\Users\a\.p2\pool\plugins\org.eclipse.justj.openjdk.hotspot.jre.full.win32.x86_64_17.0.6.v20230204-1729\jre\bin\net.dll
0x00007ffde05c0000 - 0x00007ffde06cc000 	C:\Windows\SYSTEM32\WINHTTP.dll
0x00007ffde7700000 - 0x00007ffde776a000 	C:\Windows\system32\mswsock.dll
0x00007ffdcba00000 - 0x00007ffdcba15000 	C:\Users\a\.p2\pool\plugins\org.eclipse.justj.openjdk.hotspot.jre.full.win32.x86_64_17.0.6.v20230204-1729\jre\bin\nio.dll
0x00007ffdea600000 - 0x00007ffdea6a9000 	C:\Windows\System32\clbcatq.dll
0x00007ffda7bf0000 - 0x00007ffda7cbd000 	C:\Windows\HancomIME\x64\HCHangulIME.dll
0x00007ffde4790000 - 0x00007ffde4d50000 	C:\Windows\SYSTEM32\d2d1.dll
0x00007ffdd7d20000 - 0x00007ffdd7f9f000 	C:\Windows\SYSTEM32\DWrite.dll
0x00007ffdd33f0000 - 0x00007ffdd38c9000 	C:\Windows\SYSTEM32\WININET.dll

dbghelp: loaded successfully - version: 4.0.5 - missing functions: none
symbol engine: initialized successfully - sym options: 0x614 - pdb path: .;C:\Users\a\.p2\pool\plugins\org.eclipse.justj.openjdk.hotspot.jre.full.win32.x86_64_17.0.6.v20230204-1729\jre\bin;C:\Windows\SYSTEM32;C:\Windows\WinSxS\amd64_microsoft.windows.common-controls_6595b64144ccf1df_6.0.19041.1110_none_60b5254171f9507e;C:\Users\a\.p2\pool\plugins\org.eclipse.justj.openjdk.hotspot.jre.full.win32.x86_64_17.0.6.v20230204-1729\jre\bin\server;C:\Windows\System32\DriverStore\FileRepository\u0384804.inf_amd64_41ca4ca6939f5e56\B384763;C:\Windows\HancomIME\x64

VM Arguments:
jvm_args: -Dfile.encoding=UTF-8 -XX:+ShowCodeDetailsInExceptionMessages 
java_command: 배열응용.랜덤버튼배열2
java_class_path (initial): C:\Users\a\eclipse-workspace\java06\bin
Launcher Type: SUN_STANDARD

[Global flags]
     intx CICompilerCount                          = 4                                         {product} {ergonomic}
     uint ConcGCThreads                            = 2                                         {product} {ergonomic}
     uint G1ConcRefinementThreads                  = 8                                         {product} {ergonomic}
   size_t G1HeapRegionSize                         = 2097152                                   {product} {ergonomic}
    uintx GCDrainStackTargetSize                   = 64                                        {product} {ergonomic}
   size_t InitialHeapSize                          = 234881024                                 {product} {ergonomic}
   size_t MarkStackSize                            = 4194304                                   {product} {ergonomic}
   size_t MaxHeapSize                              = 3745513472                                {product} {ergonomic}
   size_t MaxNewSize                               = 2246049792                                {product} {ergonomic}
   size_t MinHeapDeltaBytes                        = 2097152                                   {product} {ergonomic}
   size_t MinHeapSize                              = 8388608                                   {product} {ergonomic}
    uintx NonNMethodCodeHeapSize                   = 5839372                                {pd product} {ergonomic}
    uintx NonProfiledCodeHeapSize                  = 122909434                              {pd product} {ergonomic}
    uintx ProfiledCodeHeapSize                     = 122909434                              {pd product} {ergonomic}
    uintx ReservedCodeCacheSize                    = 251658240                              {pd product} {ergonomic}
     bool SegmentedCodeCache                       = true                                      {product} {ergonomic}
     bool ShowCodeDetailsInExceptionMessages       = true                                   {manageable} {command line}
   size_t SoftMaxHeapSize                          = 3745513472                             {manageable} {ergonomic}
     bool UseCompressedClassPointers               = true                           {product lp64_product} {ergonomic}
     bool UseCompressedOops                        = true                           {product lp64_product} {ergonomic}
     bool UseG1GC                                  = true                                      {product} {ergonomic}
     bool UseLargePagesIndividualAllocation        = false                                  {pd product} {ergonomic}

Logging:
Log output configuration:
 #0: stdout all=warning uptime,level,tags
 #1: stderr all=off uptime,level,tags

Environment Variables:
PATH=C:/Users/a/.p2/pool/plugins/org.eclipse.justj.openjdk.hotspot.jre.full.win32.x86_64_17.0.6.v20230204-1729/jre/bin/server;C:/Users/a/.p2/pool/plugins/org.eclipse.justj.openjdk.hotspot.jre.full.win32.x86_64_17.0.6.v20230204-1729/jre/bin;C:\Program Files (x86)\Common Files\Oracle\Java\javapath;C:\Windows\system32;C:\Windows;C:\Windows\System32\Wbem;C:\Windows\System32\WindowsPowerShell\v1.0\;C:\Windows\System32\OpenSSH\;C:\Program Files\Bandizip\;C:\Users\a\AppData\Local\Microsoft\WindowsApps;;C:\Users\a\eclipse\jee-2022-12\eclipse;
USERNAME=a
OS=Windows_NT
PROCESSOR_IDENTIFIER=AMD64 Family 23 Model 24 Stepping 1, AuthenticAMD
TMP=C:\Users\a\AppData\Local\Temp
TEMP=C:\Users\a\AppData\Local\Temp



---------------  S Y S T E M  ---------------

OS:
 Windows 10 , 64 bit Build 19041 (10.0.19041.2546)
OS uptime: 10 days 2:41 hours

CPU: total 8 (initial active 8) (8 cores per cpu, 2 threads per core) family 23 model 24 stepping 1 microcode 0x0, cx8, cmov, fxsr, ht, mmx, 3dnowpref, sse, sse2, sse3, ssse3, sse4a, sse4.1, sse4.2, popcnt, lzcnt, tsc, tscinvbit, avx, avx2, aes, clmul, bmi1, bmi2, adx, sha, fma, vzeroupper, clflush, clflushopt

Memory: 4k page, system-wide physical 14284M (3528M free)
TotalPageFile size 42817M (AvailPageFile size 0M)
current process WorkingSet (physical memory assigned to process): 56M, peak: 115M
current process commit charge ("private bytes"): 379M, peak: 383M

vm_info: OpenJDK 64-Bit Server VM (17.0.6+10) for windows-amd64 JRE (17.0.6+10), built on Jan 18 2023 10:08:59 by "temurin" with MS VC++ 16.7 (VS2019)

END.
