#
# There is insufficient memory for the Java Runtime Environment to continue.
# Native memory allocation (mmap) failed to map 65536 bytes for Failed to commit metaspace.
# Possible reasons:
#   The system is out of physical RAM or swap space
#   The process is running with CompressedOops enabled, and the Java Heap may be blocking the growth of the native heap
# Possible solutions:
#   Reduce memory load on the system
#   Increase physical memory or swap space
#   Check if swap backing store is full
#   Decrease Java heap size (-Xmx/-Xms)
#   Decrease number of Java threads
#   Decrease Java thread stack sizes (-Xss)
#   Set larger code cache with -XX:ReservedCodeCacheSize=
#   JVM is running with Zero Based Compressed Oops mode in which the Java heap is
#     placed in the first 32GB address space. The Java Heap base address is the
#     maximum limit for the native heap growth. Please use -XX:HeapBaseMinAddress
#     to set the Java Heap base and to place the Java Heap above 32GB virtual address.
# This output file may be truncated or incomplete.
#
#  Out of Memory Error (virtualSpaceNode.cpp:110), pid=16972, tid=14404
#
# JRE version: OpenJDK Runtime Environment Temurin-17.0.6+10 (17.0.6+10) (build 17.0.6+10)
# Java VM: OpenJDK 64-Bit Server VM Temurin-17.0.6+10 (17.0.6+10, mixed mode, tiered, compressed oops, compressed class ptrs, g1 gc, windows-amd64)
# No core dump will be written. Minidumps are not enabled by default on client versions of Windows
#

---------------  S U M M A R Y ------------

Command Line: -Dfile.encoding=UTF-8 -XX:+ShowCodeDetailsInExceptionMessages 배열응용.극장예매시스템1

Host: AMD Ryzen 5 3400G with Radeon Vega Graphics    , 8 cores, 13G,  Windows 10 , 64 bit Build 19041 (10.0.19041.2546)
Time: Mon Feb 13 17:25:10 2023  Windows 10 , 64 bit Build 19041 (10.0.19041.2546) elapsed time: 11697.807342 seconds (0d 3h 14m 57s)

---------------  T H R E A D  ---------------

Current thread (0x000001637e92d760):  JavaThread "AWT-EventQueue-0" [_thread_in_vm, id=14404, stack(0x0000003b2ff00000,0x0000003b30000000)]

Stack: [0x0000003b2ff00000,0x0000003b30000000]
Native frames: (J=compiled Java code, j=interpreted, Vv=VM code, C=native code)
V  [jvm.dll+0x67741a]
V  [jvm.dll+0x834434]
V  [jvm.dll+0x835bde]
V  [jvm.dll+0x836243]
V  [jvm.dll+0x2457b5]
V  [jvm.dll+0x8304cb]
V  [jvm.dll+0x61bca6]
V  [jvm.dll+0x61bd0a]
V  [jvm.dll+0x61e52a]
V  [jvm.dll+0x61c646]
V  [jvm.dll+0x626487]
V  [jvm.dll+0x1ea42b]
V  [jvm.dll+0x1ea965]
V  [jvm.dll+0x1eb39f]
V  [jvm.dll+0x1e0841]
V  [jvm.dll+0x53c6d0]
V  [jvm.dll+0x1f1017]
V  [jvm.dll+0x7aea1b]
V  [jvm.dll+0x7afdc2]
V  [jvm.dll+0x7b00f8]
V  [jvm.dll+0x23dbbe]
V  [jvm.dll+0x37ecce]
C  0x000001636a86b6ee

Java frames: (J=compiled Java code, j=interpreted, Vv=VM code)
j  java.awt.GraphicsConfiguration.createCompatibleImage(II)Ljava/awt/image/BufferedImage;+13 java.desktop@17.0.6
j  java.awt.GraphicsConfiguration.createCompatibleImage(III)Ljava/awt/image/BufferedImage;+14 java.desktop@17.0.6
j  sun.awt.image.SunVolatileImage.getBackupImage(DD)Ljava/awt/image/BufferedImage;+36 java.desktop@17.0.6
j  sun.awt.image.VolatileSurfaceManager.getBackupSurface()Lsun/java2d/SurfaceData;+38 java.desktop@17.0.6
j  sun.awt.image.VolatileSurfaceManager.displayChanged()V+33 java.desktop@17.0.6
j  sun.awt.SunDisplayChanger.notifyListeners()V+105 java.desktop@17.0.6
j  sun.awt.Win32GraphicsEnvironment.displayChanged()V+291 java.desktop@17.0.6
j  sun.awt.windows.WToolkit.lambda$displayChanged$4()V+15 java.desktop@17.0.6
j  sun.awt.windows.WToolkit$$Lambda$118+0x000000080013e130.run()V+0 java.desktop@17.0.6
J 1353 c1 java.awt.event.InvocationEvent.dispatch()V java.desktop@17.0.6 (69 bytes) @ 0x000001636354d99c [0x000001636354d780+0x000000000000021c]
J 1279 c1 java.awt.EventQueue.dispatchEventImpl(Ljava/awt/AWTEvent;Ljava/lang/Object;)V java.desktop@17.0.6 (136 bytes) @ 0x000001636352cddc [0x000001636352b2e0+0x0000000000001afc]
J 1278 c1 java.awt.EventQueue$4.run()Ljava/lang/Void; java.desktop@17.0.6 (60 bytes) @ 0x000001636352aba4 [0x000001636352aa60+0x0000000000000144]
J 1182 c1 java.awt.EventQueue.dispatchEvent(Ljava/awt/AWTEvent;)V java.desktop@17.0.6 (80 bytes) @ 0x00000163634f0b24 [0x00000163634f0560+0x00000000000005c4]
J 1185 c1 java.awt.EventDispatchThread.pumpOneEventForFilters(I)V java.desktop@17.0.6 (113 bytes) @ 0x00000163634f3b34 [0x00000163634f34a0+0x0000000000000694]
j  java.awt.EventDispatchThread.pumpEventsForFilter(ILjava/awt/Conditional;Ljava/awt/EventFilter;)V+35 java.desktop@17.0.6
j  java.awt.EventDispatchThread.pumpEventsForHierarchy(ILjava/awt/Conditional;Ljava/awt/Component;)V+11 java.desktop@17.0.6
j  java.awt.EventDispatchThread.pumpEvents(ILjava/awt/Conditional;)V+4 java.desktop@17.0.6
j  java.awt.EventDispatchThread.pumpEvents(Ljava/awt/Conditional;)V+3 java.desktop@17.0.6
j  java.awt.EventDispatchThread.run()V+9 java.desktop@17.0.6
v  ~StubRoutines::call_stub

---------------  P R O C E S S  ---------------

Threads class SMR info:
_java_thread_list=0x000001630630d1d0, length=17, elements={
0x000001637d57ed60, 0x000001637d58a410, 0x000001637e046bc0, 0x000001637e048490,
0x000001637e0494f0, 0x000001637e04c6a0, 0x000001637e04dae0, 0x000001637e04e490,
0x000001637e04f570, 0x000001637e1024b0, 0x000001637e102c10, 0x000001637e4b6350,
0x000001637e4bb2f0, 0x000001637e4c7120, 0x000001637e92d760, 0x000001635fc57e50,
0x000001637ebfdcb0
}

Java Threads: ( => current thread )
  0x000001637d57ed60 JavaThread "Reference Handler" daemon [_thread_blocked, id=16620, stack(0x0000003b2e300000,0x0000003b2e400000)]
  0x000001637d58a410 JavaThread "Finalizer" daemon [_thread_blocked, id=16404, stack(0x0000003b2e400000,0x0000003b2e500000)]
  0x000001637e046bc0 JavaThread "Signal Dispatcher" daemon [_thread_blocked, id=17336, stack(0x0000003b2e500000,0x0000003b2e600000)]
  0x000001637e048490 JavaThread "Attach Listener" daemon [_thread_blocked, id=17340, stack(0x0000003b2e600000,0x0000003b2e700000)]
  0x000001637e0494f0 JavaThread "Service Thread" daemon [_thread_blocked, id=17332, stack(0x0000003b2e700000,0x0000003b2e800000)]
  0x000001637e04c6a0 JavaThread "Monitor Deflation Thread" daemon [_thread_blocked, id=7156, stack(0x0000003b2e800000,0x0000003b2e900000)]
  0x000001637e04dae0 JavaThread "C2 CompilerThread0" daemon [_thread_blocked, id=15124, stack(0x0000003b2e900000,0x0000003b2ea00000)]
  0x000001637e04e490 JavaThread "C1 CompilerThread0" daemon [_thread_blocked, id=16024, stack(0x0000003b2ea00000,0x0000003b2eb00000)]
  0x000001637e04f570 JavaThread "Sweeper thread" daemon [_thread_blocked, id=12424, stack(0x0000003b2eb00000,0x0000003b2ec00000)]
  0x000001637e1024b0 JavaThread "Notification Thread" daemon [_thread_blocked, id=16240, stack(0x0000003b2ec00000,0x0000003b2ed00000)]
  0x000001637e102c10 JavaThread "Common-Cleaner" daemon [_thread_blocked, id=17132, stack(0x0000003b2ee00000,0x0000003b2ef00000)]
  0x000001637e4b6350 JavaThread "Java2D Disposer" daemon [_thread_blocked, id=16532, stack(0x0000003b2ef00000,0x0000003b2f000000)]
  0x000001637e4bb2f0 JavaThread "AWT-Shutdown" [_thread_blocked, id=10184, stack(0x0000003b2f000000,0x0000003b2f100000)]
  0x000001637e4c7120 JavaThread "AWT-Windows" daemon [_thread_in_native, id=16840, stack(0x0000003b2f100000,0x0000003b2f200000)]
=>0x000001637e92d760 JavaThread "AWT-EventQueue-0" [_thread_in_vm, id=14404, stack(0x0000003b2ff00000,0x0000003b30000000)]
  0x000001635fc57e50 JavaThread "DestroyJavaVM" [_thread_blocked, id=13404, stack(0x0000003b2dc00000,0x0000003b2dd00000)]
  0x000001637ebfdcb0 JavaThread "D3D Screen Updater" daemon [_thread_blocked, id=16552, stack(0x0000003b30200000,0x0000003b30300000)]

Other Threads:
  0x000001637d5870d0 VMThread "VM Thread" [stack: 0x0000003b2e200000,0x0000003b2e300000] [id=2568]
  0x000001637e102980 WatcherThread [stack: 0x0000003b2ed00000,0x0000003b2ee00000] [id=16804]
  0x000001635fcbc330 GCTaskThread "GC Thread#0" [stack: 0x0000003b2dd00000,0x0000003b2de00000] [id=13964]
  0x000001637e6612d0 GCTaskThread "GC Thread#1" [stack: 0x0000003b2da00000,0x0000003b2db00000] [id=23256]
  0x000001637e5232d0 GCTaskThread "GC Thread#2" [stack: 0x0000003b2db00000,0x0000003b2dc00000] [id=23124]
  0x000001637e523580 GCTaskThread "GC Thread#3" [stack: 0x0000003b2f200000,0x0000003b2f300000] [id=20524]
  0x000001637e5be060 GCTaskThread "GC Thread#4" [stack: 0x0000003b2f300000,0x0000003b2f400000] [id=22680]
  0x000001637e5be310 GCTaskThread "GC Thread#5" [stack: 0x0000003b30300000,0x0000003b30400000] [id=20972]
  0x000001637e253410 GCTaskThread "GC Thread#6" [stack: 0x0000003b30400000,0x0000003b30500000] [id=23088]
  0x000001635fccb850 ConcurrentGCThread "G1 Main Marker" [stack: 0x0000003b2de00000,0x0000003b2df00000] [id=14616]
  0x000001635fccc160 ConcurrentGCThread "G1 Conc#0" [stack: 0x0000003b2df00000,0x0000003b2e000000] [id=16396]
  0x000001637d3f20c0 ConcurrentGCThread "G1 Refine#0" [stack: 0x0000003b2e000000,0x0000003b2e100000] [id=12064]
  0x000001637d3f29e0 ConcurrentGCThread "G1 Service" [stack: 0x0000003b2e100000,0x0000003b2e200000] [id=16616]

Threads with active compile tasks:

VM state: not at safepoint (normal execution)

VM Mutex/Monitor currently owned by a thread:  ([mutex/lock_event])
[0x000001635fc50f70] Metaspace_lock - owner thread: 0x000001637e92d760

Heap address: 0x0000000720c00000, size: 3572 MB, Compressed Oops mode: Zero based, Oop shift amount: 3

CDS archive(s) not mapped
Compressed class space mapped at: 0x0000000800000000-0x0000000840000000, reserved size: 1073741824
Narrow klass base: 0x0000000800000000, Narrow klass shift: 0, Narrow klass range: 0x40000000

GC Precious Log:
 CPUs: 8 total, 8 available
 Memory: 14284M
 Large Page Support: Disabled
 NUMA Support: Disabled
 Compressed Oops: Enabled (Zero based)
 Heap Region Size: 2M
 Heap Min Capacity: 8M
 Heap Initial Capacity: 224M
 Heap Max Capacity: 3572M
 Pre-touch: Disabled
 Parallel Workers: 8
 Concurrent Workers: 2
 Concurrent Refinement Workers: 8
 Periodic GC: Disabled

Heap:
 garbage-first heap   total 229376K, used 5193K [0x0000000720c00000, 0x0000000800000000)
  region size 2048K, 4 young (8192K), 2 survivors (4096K)
 Metaspace       used 13586K, committed 13760K, reserved 1064960K
  class space    used 1266K, committed 1408K, reserved 1048576K

Heap Regions: E=young(eden), S=young(survivor), O=old, HS=humongous(starts), HC=humongous(continues), CS=collection set, F=free, OA=open archive, CA=closed archive, TAMS=top-at-mark-start (previous, next)
|   0|0x0000000720c00000, 0x0000000720c00000, 0x0000000720e00000|  0%| F|  |TAMS 0x0000000720c00000, 0x0000000720c00000| Untracked 
|   1|0x0000000720e00000, 0x0000000720e00000, 0x0000000721000000|  0%| F|  |TAMS 0x0000000720e00000, 0x0000000720e00000| Untracked 
|   2|0x0000000721000000, 0x0000000721000000, 0x0000000721200000|  0%| F|  |TAMS 0x0000000721000000, 0x0000000721000000| Untracked 
|   3|0x0000000721200000, 0x0000000721200000, 0x0000000721400000|  0%| F|  |TAMS 0x0000000721200000, 0x0000000721200000| Untracked 
|   4|0x0000000721400000, 0x0000000721400000, 0x0000000721600000|  0%| F|  |TAMS 0x0000000721400000, 0x0000000721400000| Untracked 
|   5|0x0000000721600000, 0x0000000721600000, 0x0000000721800000|  0%| F|  |TAMS 0x0000000721600000, 0x0000000721600000| Untracked 
|   6|0x0000000721800000, 0x0000000721800000, 0x0000000721a00000|  0%| F|  |TAMS 0x0000000721800000, 0x0000000721800000| Untracked 
|   7|0x0000000721a00000, 0x0000000721a00000, 0x0000000721c00000|  0%| F|  |TAMS 0x0000000721a00000, 0x0000000721a00000| Untracked 
|   8|0x0000000721c00000, 0x0000000721c00000, 0x0000000721e00000|  0%| F|  |TAMS 0x0000000721c00000, 0x0000000721c00000| Untracked 
|   9|0x0000000721e00000, 0x0000000721e00000, 0x0000000722000000|  0%| F|  |TAMS 0x0000000721e00000, 0x0000000721e00000| Untracked 
|  10|0x0000000722000000, 0x0000000722000000, 0x0000000722200000|  0%| F|  |TAMS 0x0000000722000000, 0x0000000722000000| Untracked 
|  11|0x0000000722200000, 0x0000000722200000, 0x0000000722400000|  0%| F|  |TAMS 0x0000000722200000, 0x0000000722200000| Untracked 
|  12|0x0000000722400000, 0x0000000722400000, 0x0000000722600000|  0%| F|  |TAMS 0x0000000722400000, 0x0000000722400000| Untracked 
|  13|0x0000000722600000, 0x0000000722600000, 0x0000000722800000|  0%| F|  |TAMS 0x0000000722600000, 0x0000000722600000| Untracked 
|  14|0x0000000722800000, 0x0000000722800000, 0x0000000722a00000|  0%| F|  |TAMS 0x0000000722800000, 0x0000000722800000| Untracked 
|  15|0x0000000722a00000, 0x0000000722a00000, 0x0000000722c00000|  0%| F|  |TAMS 0x0000000722a00000, 0x0000000722a00000| Untracked 
|  16|0x0000000722c00000, 0x0000000722c00000, 0x0000000722e00000|  0%| F|  |TAMS 0x0000000722c00000, 0x0000000722c00000| Untracked 
|  17|0x0000000722e00000, 0x0000000722e00000, 0x0000000723000000|  0%| F|  |TAMS 0x0000000722e00000, 0x0000000722e00000| Untracked 
|  18|0x0000000723000000, 0x0000000723000000, 0x0000000723200000|  0%| F|  |TAMS 0x0000000723000000, 0x0000000723000000| Untracked 
|  19|0x0000000723200000, 0x0000000723200000, 0x0000000723400000|  0%| F|  |TAMS 0x0000000723200000, 0x0000000723200000| Untracked 
|  20|0x0000000723400000, 0x0000000723400000, 0x0000000723600000|  0%| F|  |TAMS 0x0000000723400000, 0x0000000723400000| Untracked 
|  21|0x0000000723600000, 0x0000000723600000, 0x0000000723800000|  0%| F|  |TAMS 0x0000000723600000, 0x0000000723600000| Untracked 
|  22|0x0000000723800000, 0x0000000723800000, 0x0000000723a00000|  0%| F|  |TAMS 0x0000000723800000, 0x0000000723800000| Untracked 
|  23|0x0000000723a00000, 0x0000000723a00000, 0x0000000723c00000|  0%| F|  |TAMS 0x0000000723a00000, 0x0000000723a00000| Untracked 
|  24|0x0000000723c00000, 0x0000000723c00000, 0x0000000723e00000|  0%| F|  |TAMS 0x0000000723c00000, 0x0000000723c00000| Untracked 
|  25|0x0000000723e00000, 0x0000000723e00000, 0x0000000724000000|  0%| F|  |TAMS 0x0000000723e00000, 0x0000000723e00000| Untracked 
|  26|0x0000000724000000, 0x0000000724000000, 0x0000000724200000|  0%| F|  |TAMS 0x0000000724000000, 0x0000000724000000| Untracked 
|  27|0x0000000724200000, 0x0000000724200000, 0x0000000724400000|  0%| F|  |TAMS 0x0000000724200000, 0x0000000724200000| Untracked 
|  28|0x0000000724400000, 0x0000000724400000, 0x0000000724600000|  0%| F|  |TAMS 0x0000000724400000, 0x0000000724400000| Untracked 
|  29|0x0000000724600000, 0x0000000724600000, 0x0000000724800000|  0%| F|  |TAMS 0x0000000724600000, 0x0000000724600000| Untracked 
|  30|0x0000000724800000, 0x0000000724800000, 0x0000000724a00000|  0%| F|  |TAMS 0x0000000724800000, 0x0000000724800000| Untracked 
|  31|0x0000000724a00000, 0x0000000724a00000, 0x0000000724c00000|  0%| F|  |TAMS 0x0000000724a00000, 0x0000000724a00000| Untracked 
|  32|0x0000000724c00000, 0x0000000724c00000, 0x0000000724e00000|  0%| F|  |TAMS 0x0000000724c00000, 0x0000000724c00000| Untracked 
|  33|0x0000000724e00000, 0x0000000724e00000, 0x0000000725000000|  0%| F|  |TAMS 0x0000000724e00000, 0x0000000724e00000| Untracked 
|  34|0x0000000725000000, 0x0000000725000000, 0x0000000725200000|  0%| F|  |TAMS 0x0000000725000000, 0x0000000725000000| Untracked 
|  35|0x0000000725200000, 0x0000000725200000, 0x0000000725400000|  0%| F|  |TAMS 0x0000000725200000, 0x0000000725200000| Untracked 
|  36|0x0000000725400000, 0x0000000725400000, 0x0000000725600000|  0%| F|  |TAMS 0x0000000725400000, 0x0000000725400000| Untracked 
|  37|0x0000000725600000, 0x0000000725600000, 0x0000000725800000|  0%| F|  |TAMS 0x0000000725600000, 0x0000000725600000| Untracked 
|  38|0x0000000725800000, 0x0000000725800000, 0x0000000725a00000|  0%| F|  |TAMS 0x0000000725800000, 0x0000000725800000| Untracked 
|  39|0x0000000725a00000, 0x0000000725a00000, 0x0000000725c00000|  0%| F|  |TAMS 0x0000000725a00000, 0x0000000725a00000| Untracked 
|  40|0x0000000725c00000, 0x0000000725c00000, 0x0000000725e00000|  0%| F|  |TAMS 0x0000000725c00000, 0x0000000725c00000| Untracked 
|  41|0x0000000725e00000, 0x0000000725e00000, 0x0000000726000000|  0%| F|  |TAMS 0x0000000725e00000, 0x0000000725e00000| Untracked 
|  42|0x0000000726000000, 0x0000000726000000, 0x0000000726200000|  0%| F|  |TAMS 0x0000000726000000, 0x0000000726000000| Untracked 
|  43|0x0000000726200000, 0x0000000726200000, 0x0000000726400000|  0%| F|  |TAMS 0x0000000726200000, 0x0000000726200000| Untracked 
|  44|0x0000000726400000, 0x0000000726400000, 0x0000000726600000|  0%| F|  |TAMS 0x0000000726400000, 0x0000000726400000| Untracked 
|  45|0x0000000726600000, 0x0000000726600000, 0x0000000726800000|  0%| F|  |TAMS 0x0000000726600000, 0x0000000726600000| Untracked 
|  46|0x0000000726800000, 0x0000000726800000, 0x0000000726a00000|  0%| F|  |TAMS 0x0000000726800000, 0x0000000726800000| Untracked 
|  47|0x0000000726a00000, 0x0000000726a00000, 0x0000000726c00000|  0%| F|  |TAMS 0x0000000726a00000, 0x0000000726a00000| Untracked 
|  48|0x0000000726c00000, 0x0000000726c00000, 0x0000000726e00000|  0%| F|  |TAMS 0x0000000726c00000, 0x0000000726c00000| Untracked 
|  49|0x0000000726e00000, 0x0000000726e00000, 0x0000000727000000|  0%| F|  |TAMS 0x0000000726e00000, 0x0000000726e00000| Untracked 
|  50|0x0000000727000000, 0x0000000727000000, 0x0000000727200000|  0%| F|  |TAMS 0x0000000727000000, 0x0000000727000000| Untracked 
|  51|0x0000000727200000, 0x0000000727200000, 0x0000000727400000|  0%| F|  |TAMS 0x0000000727200000, 0x0000000727200000| Untracked 
|  52|0x0000000727400000, 0x0000000727400000, 0x0000000727600000|  0%| F|  |TAMS 0x0000000727400000, 0x0000000727400000| Untracked 
|  53|0x0000000727600000, 0x0000000727600000, 0x0000000727800000|  0%| F|  |TAMS 0x0000000727600000, 0x0000000727600000| Untracked 
|  54|0x0000000727800000, 0x0000000727800000, 0x0000000727a00000|  0%| F|  |TAMS 0x0000000727800000, 0x0000000727800000| Untracked 
|  55|0x0000000727a00000, 0x0000000727a00000, 0x0000000727c00000|  0%| F|  |TAMS 0x0000000727a00000, 0x0000000727a00000| Untracked 
|  56|0x0000000727c00000, 0x0000000727c00000, 0x0000000727e00000|  0%| F|  |TAMS 0x0000000727c00000, 0x0000000727c00000| Untracked 
|  57|0x0000000727e00000, 0x0000000727e00000, 0x0000000728000000|  0%| F|  |TAMS 0x0000000727e00000, 0x0000000727e00000| Untracked 
|  58|0x0000000728000000, 0x0000000728000000, 0x0000000728200000|  0%| F|  |TAMS 0x0000000728000000, 0x0000000728000000| Untracked 
|  59|0x0000000728200000, 0x0000000728200000, 0x0000000728400000|  0%| F|  |TAMS 0x0000000728200000, 0x0000000728200000| Untracked 
|  60|0x0000000728400000, 0x0000000728400000, 0x0000000728600000|  0%| F|  |TAMS 0x0000000728400000, 0x0000000728400000| Untracked 
|  61|0x0000000728600000, 0x0000000728600000, 0x0000000728800000|  0%| F|  |TAMS 0x0000000728600000, 0x0000000728600000| Untracked 
|  62|0x0000000728800000, 0x0000000728800000, 0x0000000728a00000|  0%| F|  |TAMS 0x0000000728800000, 0x0000000728800000| Untracked 
|  63|0x0000000728a00000, 0x0000000728a00000, 0x0000000728c00000|  0%| F|  |TAMS 0x0000000728a00000, 0x0000000728a00000| Untracked 
|  64|0x0000000728c00000, 0x0000000728c00000, 0x0000000728e00000|  0%| F|  |TAMS 0x0000000728c00000, 0x0000000728c00000| Untracked 
|  65|0x0000000728e00000, 0x0000000728e00000, 0x0000000729000000|  0%| F|  |TAMS 0x0000000728e00000, 0x0000000728e00000| Untracked 
|  66|0x0000000729000000, 0x0000000729000000, 0x0000000729200000|  0%| F|  |TAMS 0x0000000729000000, 0x0000000729000000| Untracked 
|  67|0x0000000729200000, 0x0000000729200000, 0x0000000729400000|  0%| F|  |TAMS 0x0000000729200000, 0x0000000729200000| Untracked 
|  68|0x0000000729400000, 0x0000000729400000, 0x0000000729600000|  0%| F|  |TAMS 0x0000000729400000, 0x0000000729400000| Untracked 
|  69|0x0000000729600000, 0x0000000729600000, 0x0000000729800000|  0%| F|  |TAMS 0x0000000729600000, 0x0000000729600000| Untracked 
|  70|0x0000000729800000, 0x0000000729800000, 0x0000000729a00000|  0%| F|  |TAMS 0x0000000729800000, 0x0000000729800000| Untracked 
|  71|0x0000000729a00000, 0x0000000729a00000, 0x0000000729c00000|  0%| F|  |TAMS 0x0000000729a00000, 0x0000000729a00000| Untracked 
|  72|0x0000000729c00000, 0x0000000729c00000, 0x0000000729e00000|  0%| F|  |TAMS 0x0000000729c00000, 0x0000000729c00000| Untracked 
|  73|0x0000000729e00000, 0x0000000729e00000, 0x000000072a000000|  0%| F|  |TAMS 0x0000000729e00000, 0x0000000729e00000| Untracked 
|  74|0x000000072a000000, 0x000000072a000000, 0x000000072a200000|  0%| F|  |TAMS 0x000000072a000000, 0x000000072a000000| Untracked 
|  75|0x000000072a200000, 0x000000072a200000, 0x000000072a400000|  0%| F|  |TAMS 0x000000072a200000, 0x000000072a200000| Untracked 
|  76|0x000000072a400000, 0x000000072a400000, 0x000000072a600000|  0%| F|  |TAMS 0x000000072a400000, 0x000000072a400000| Untracked 
|  77|0x000000072a600000, 0x000000072a600000, 0x000000072a800000|  0%| F|  |TAMS 0x000000072a600000, 0x000000072a600000| Untracked 
|  78|0x000000072a800000, 0x000000072a800000, 0x000000072aa00000|  0%| F|  |TAMS 0x000000072a800000, 0x000000072a800000| Untracked 
|  79|0x000000072aa00000, 0x000000072aa00000, 0x000000072ac00000|  0%| F|  |TAMS 0x000000072aa00000, 0x000000072aa00000| Untracked 
|  80|0x000000072ac00000, 0x000000072ac00000, 0x000000072ae00000|  0%| F|  |TAMS 0x000000072ac00000, 0x000000072ac00000| Untracked 
|  81|0x000000072ae00000, 0x000000072ae00000, 0x000000072b000000|  0%| F|  |TAMS 0x000000072ae00000, 0x000000072ae00000| Untracked 
|  82|0x000000072b000000, 0x000000072b000000, 0x000000072b200000|  0%| F|  |TAMS 0x000000072b000000, 0x000000072b000000| Untracked 
|  83|0x000000072b200000, 0x000000072b200000, 0x000000072b400000|  0%| F|  |TAMS 0x000000072b200000, 0x000000072b200000| Untracked 
|  84|0x000000072b400000, 0x000000072b400000, 0x000000072b600000|  0%| F|  |TAMS 0x000000072b400000, 0x000000072b400000| Untracked 
|  85|0x000000072b600000, 0x000000072b600000, 0x000000072b800000|  0%| F|  |TAMS 0x000000072b600000, 0x000000072b600000| Untracked 
|  86|0x000000072b800000, 0x000000072b800000, 0x000000072ba00000|  0%| F|  |TAMS 0x000000072b800000, 0x000000072b800000| Untracked 
|  87|0x000000072ba00000, 0x000000072ba00000, 0x000000072bc00000|  0%| F|  |TAMS 0x000000072ba00000, 0x000000072ba00000| Untracked 
|  88|0x000000072bc00000, 0x000000072bc00000, 0x000000072be00000|  0%| F|  |TAMS 0x000000072bc00000, 0x000000072bc00000| Untracked 
|  89|0x000000072be00000, 0x000000072be00000, 0x000000072c000000|  0%| F|  |TAMS 0x000000072be00000, 0x000000072be00000| Untracked 
|  90|0x000000072c000000, 0x000000072c000000, 0x000000072c200000|  0%| F|  |TAMS 0x000000072c000000, 0x000000072c000000| Untracked 
|  91|0x000000072c200000, 0x000000072c200000, 0x000000072c400000|  0%| F|  |TAMS 0x000000072c200000, 0x000000072c200000| Untracked 
|  92|0x000000072c400000, 0x000000072c400000, 0x000000072c600000|  0%| F|  |TAMS 0x000000072c400000, 0x000000072c400000| Untracked 
|  93|0x000000072c600000, 0x000000072c600000, 0x000000072c800000|  0%| F|  |TAMS 0x000000072c600000, 0x000000072c600000| Untracked 
|  94|0x000000072c800000, 0x000000072c800000, 0x000000072ca00000|  0%| F|  |TAMS 0x000000072c800000, 0x000000072c800000| Untracked 
|  95|0x000000072ca00000, 0x000000072ca00000, 0x000000072cc00000|  0%| F|  |TAMS 0x000000072ca00000, 0x000000072ca00000| Untracked 
|  96|0x000000072cc00000, 0x000000072cc00000, 0x000000072ce00000|  0%| F|  |TAMS 0x000000072cc00000, 0x000000072cc00000| Untracked 
|  97|0x000000072ce00000, 0x000000072ce00000, 0x000000072d000000|  0%| F|  |TAMS 0x000000072ce00000, 0x000000072ce00000| Untracked 
|  98|0x000000072d000000, 0x000000072d000000, 0x000000072d200000|  0%| F|  |TAMS 0x000000072d000000, 0x000000072d000000| Untracked 
|  99|0x000000072d200000, 0x000000072d3125d0, 0x000000072d400000| 53%| S|CS|TAMS 0x000000072d200000, 0x000000072d200000| Complete 
| 100|0x000000072d400000, 0x000000072d600000, 0x000000072d600000|100%| S|CS|TAMS 0x000000072d400000, 0x000000072d400000| Complete 
| 101|0x000000072d600000, 0x000000072d600000, 0x000000072d800000|  0%| F|  |TAMS 0x000000072d600000, 0x000000072d600000| Untracked 
| 102|0x000000072d800000, 0x000000072d800000, 0x000000072da00000|  0%| F|  |TAMS 0x000000072d800000, 0x000000072d800000| Untracked 
| 103|0x000000072da00000, 0x000000072da00000, 0x000000072dc00000|  0%| F|  |TAMS 0x000000072da00000, 0x000000072da00000| Untracked 
| 104|0x000000072dc00000, 0x000000072dc00000, 0x000000072de00000|  0%| F|  |TAMS 0x000000072dc00000, 0x000000072dc00000| Untracked 
| 105|0x000000072de00000, 0x000000072de00000, 0x000000072e000000|  0%| F|  |TAMS 0x000000072de00000, 0x000000072de00000| Untracked 
| 106|0x000000072e000000, 0x000000072e000000, 0x000000072e200000|  0%| F|  |TAMS 0x000000072e000000, 0x000000072e000000| Untracked 
| 107|0x000000072e200000, 0x000000072e200000, 0x000000072e400000|  0%| F|  |TAMS 0x000000072e200000, 0x000000072e200000| Untracked 
| 108|0x000000072e400000, 0x000000072e400000, 0x000000072e600000|  0%| F|  |TAMS 0x000000072e400000, 0x000000072e400000| Untracked 
| 109|0x000000072e600000, 0x000000072e600000, 0x000000072e800000|  0%| F|  |TAMS 0x000000072e600000, 0x000000072e600000| Untracked 
| 110|0x000000072e800000, 0x000000072e94a2f0, 0x000000072ea00000| 64%| E|  |TAMS 0x000000072e800000, 0x000000072e800000| Complete 
| 111|0x000000072ea00000, 0x000000072ec00000, 0x000000072ec00000|100%| E|CS|TAMS 0x000000072ea00000, 0x000000072ea00000| Complete 

Card table byte_map: [0x0000016372d50000,0x0000016373450000] _byte_map_base: 0x000001636f44a000

Marking Bits (Prev, Next): (CMBitMap*) 0x000001635fcbc840, (CMBitMap*) 0x000001635fcbc880
 Prev Bits: [0x0000016373b50000, 0x0000016377320000)
 Next Bits: [0x0000016377320000, 0x000001637aaf0000)

Polling page: 0x000001635f430000

Metaspace:

Usage:
  Non-class:     12.03 MB used.
      Class:      1.24 MB used.
       Both:     13.27 MB used.

Virtual space:
  Non-class space:       16.00 MB reserved,      12.06 MB ( 75%) committed,  2 nodes.
      Class space:        1.00 GB reserved,       1.38 MB ( <1%) committed,  1 nodes.
             Both:        1.02 GB reserved,      13.44 MB (  1%) committed. 

Chunk freelists:
   Non-Class:  3.00 MB
       Class:  2.62 MB
        Both:  5.62 MB

MaxMetaspaceSize: unlimited
CompressedClassSpaceSize: 1.00 GB
Initial GC threshold: 21.00 MB
Current GC threshold: 21.00 MB
CDS: off
MetaspaceReclaimPolicy: balanced
 - commit_granule_bytes: 65536.
 - commit_granule_words: 8192.
 - virtual_space_node_default_size: 1048576.
 - enlarge_chunks_in_place: 1.
 - new_chunks_are_fully_committed: 0.
 - uncommit_free_chunks: 1.
 - use_allocation_guard: 0.
 - handle_deallocations: 1.


Internal statistics:

num_allocs_failed_limit: 0.
num_arena_births: 106.
num_arena_deaths: 0.
num_vsnodes_births: 3.
num_vsnodes_deaths: 0.
num_space_committed: 215.
num_space_uncommitted: 0.
num_chunks_returned_to_freelist: 0.
num_chunks_taken_from_freelist: 161.
num_chunk_merges: 0.
num_chunk_splits: 87.
num_chunks_enlarged: 50.
num_purges: 0.
num_inconsistent_stats: 0.

CodeHeap 'non-profiled nmethods': size=120000Kb used=527Kb max_used=527Kb free=119473Kb
 bounds [0x000001636adf0000, 0x000001636b060000, 0x0000016372320000]
CodeHeap 'profiled nmethods': size=120000Kb used=3395Kb max_used=3395Kb free=116604Kb
 bounds [0x0000016363320000, 0x0000016363680000, 0x000001636a850000]
CodeHeap 'non-nmethods': size=5760Kb used=1251Kb max_used=1288Kb free=4508Kb
 bounds [0x000001636a850000, 0x000001636aac0000, 0x000001636adf0000]
 total_blobs=2346 nmethods=1778 adapters=480
 compilation: enabled
              stopped_count=0, restarted_count=0
 full_count=0

Compilation events (20 events):
Event: 5614.168 Thread 0x000001637e04e490 1769   !   3       java.lang.ref.ReferenceQueue::remove (125 bytes)
Event: 5614.168 Thread 0x000001637e04e490 nmethod 1769 0x000001636366a210 code [0x000001636366a420, 0x000001636366abd8]
Event: 5614.168 Thread 0x000001637e04e490 1770   !   3       jdk.internal.ref.PhantomCleanable::isListEmpty (34 bytes)
Event: 5614.169 Thread 0x000001637e04e490 nmethod 1770 0x000001636366af10 code [0x000001636366b0a0, 0x000001636366b2f8]
Event: 5614.170 Thread 0x000001637e04e490 1771       3       java.lang.ref.ReferenceQueue::reallyPoll (65 bytes)
Event: 5614.170 Thread 0x000001637e04e490 nmethod 1771 0x000001636366b410 code [0x000001636366b5e0, 0x000001636366bb38]
Event: 5614.176 Thread 0x000001637e04e490 1772       3       java.lang.ref.ReferenceQueue::remove (6 bytes)
Event: 5614.176 Thread 0x000001637e04e490 nmethod 1772 0x000001636366bc10 code [0x000001636366bda0, 0x000001636366bf68]
Event: 5614.176 Thread 0x000001637e04e490 1773  s    3       java.util.Hashtable::remove (133 bytes)
Event: 5614.177 Thread 0x000001637e04e490 nmethod 1773 0x000001636366c010 code [0x000001636366c200, 0x000001636366ca38]
Event: 5614.177 Thread 0x000001637e04e490 1774   !   3       sun.java2d.Disposer::clearDeferredRecords (70 bytes)
Event: 5614.178 Thread 0x000001637e04e490 nmethod 1774 0x000001636366cc90 code [0x000001636366cee0, 0x000001636366d778]
Event: 5614.178 Thread 0x000001637e04e490 1775       3       sun.java2d.DefaultDisposerRecord::dispose (12 bytes)
Event: 5614.178 Thread 0x000001637e04e490 nmethod 1775 0x000001636366db90 code [0x000001636366dd20, 0x000001636366de68]
Event: 5614.178 Thread 0x000001637e04e490 1777   !   3       sun.java2d.d3d.D3DSurfaceData::dispose (54 bytes)
Event: 5614.180 Thread 0x000001637e04e490 nmethod 1777 0x000001636366df10 code [0x000001636366e2c0, 0x000001636366fe08]
Event: 5968.061 Thread 0x000001637e04dae0 1778 % !   4       sun.java2d.d3d.D3DScreenUpdateManager::run @ 105 (267 bytes)
Event: 5968.076 Thread 0x000001637e04dae0 nmethod 1778% 0x000001636ae72310 code [0x000001636ae72500, 0x000001636ae73478]
Event: 11696.679 Thread 0x000001637e04e490 1779       3       sun.java2d.d3d.D3DRenderQueue::flushAndInvokeNow (6 bytes)
Event: 11696.681 Thread 0x000001637e04e490 nmethod 1779 0x0000016363670990 code [0x0000016363670b20, 0x0000016363670c68]

GC Heap History (2 events):
Event: 5614.153 GC heap before
{Heap before GC invocations=0 (full 0):
 garbage-first heap   total 229376K, used 20480K [0x0000000720c00000, 0x0000000800000000)
  region size 2048K, 11 young (22528K), 0 survivors (0K)
 Metaspace       used 13422K, committed 13632K, reserved 1064960K
  class space    used 1253K, committed 1344K, reserved 1048576K
}
Event: 5614.166 GC heap after
{Heap after GC invocations=1 (full 0):
 garbage-first heap   total 229376K, used 3145K [0x0000000720c00000, 0x0000000800000000)
  region size 2048K, 2 young (4096K), 2 survivors (4096K)
 Metaspace       used 13422K, committed 13632K, reserved 1064960K
  class space    used 1253K, committed 1344K, reserved 1048576K
}

Dll operation events (7 events):
Event: 0.019 Loaded shared library C:\Users\a\.p2\pool\plugins\org.eclipse.justj.openjdk.hotspot.jre.full.win32.x86_64_17.0.6.v20230204-1729\jre\bin\java.dll
Event: 0.195 Loaded shared library C:\Users\a\.p2\pool\plugins\org.eclipse.justj.openjdk.hotspot.jre.full.win32.x86_64_17.0.6.v20230204-1729\jre\bin\jimage.dll
Event: 0.236 Loaded shared library C:\Users\a\.p2\pool\plugins\org.eclipse.justj.openjdk.hotspot.jre.full.win32.x86_64_17.0.6.v20230204-1729\jre\bin\awt.dll
Event: 0.576 Loaded shared library C:\Users\a\.p2\pool\plugins\org.eclipse.justj.openjdk.hotspot.jre.full.win32.x86_64_17.0.6.v20230204-1729\jre\bin\freetype.dll
Event: 0.577 Loaded shared library C:\Users\a\.p2\pool\plugins\org.eclipse.justj.openjdk.hotspot.jre.full.win32.x86_64_17.0.6.v20230204-1729\jre\bin\fontmanager.dll
Event: 0.642 Loaded shared library C:\Users\a\.p2\pool\plugins\org.eclipse.justj.openjdk.hotspot.jre.full.win32.x86_64_17.0.6.v20230204-1729\jre\bin\net.dll
Event: 0.644 Loaded shared library C:\Users\a\.p2\pool\plugins\org.eclipse.justj.openjdk.hotspot.jre.full.win32.x86_64_17.0.6.v20230204-1729\jre\bin\nio.dll

Deoptimization events (20 events):
Event: 0.994 Thread 0x000001635fc57e50 DEOPT PACKING pc=0x000001636ae1ebe0 sp=0x0000003b2dcfeb70
Event: 0.994 Thread 0x000001635fc57e50 DEOPT UNPACKING pc=0x000001636a8a69a3 sp=0x0000003b2dcfead8 mode 2
Event: 2.483 Thread 0x000001637e92d760 Uncommon trap: trap_request=0xffffff45 fr.pc=0x000001636ae34c44 relative=0x0000000000004244
Event: 2.483 Thread 0x000001637e92d760 Uncommon trap: reason=unstable_if action=reinterpret pc=0x000001636ae34c44 method=java.lang.ThreadLocal.get()Ljava/lang/Object; @ 11 c2
Event: 2.483 Thread 0x000001637e92d760 DEOPT PACKING pc=0x000001636ae34c44 sp=0x0000003b2fffe380
Event: 2.484 Thread 0x000001637e92d760 DEOPT UNPACKING pc=0x000001636a8a69a3 sp=0x0000003b2fffe0b8 mode 2
Event: 2.484 Thread 0x000001637e92d760 Uncommon trap: trap_request=0xffffff45 fr.pc=0x000001636ae25f98 relative=0x00000000000000f8
Event: 2.484 Thread 0x000001637e92d760 Uncommon trap: reason=unstable_if action=reinterpret pc=0x000001636ae25f98 method=java.lang.ThreadLocal$ThreadLocalMap.getEntry(Ljava/lang/ThreadLocal;)Ljava/lang/ThreadLocal$ThreadLocalMap$Entry; @ 21 c2
Event: 2.484 Thread 0x000001637e92d760 DEOPT PACKING pc=0x000001636ae25f98 sp=0x0000003b2fffdfc0
Event: 2.484 Thread 0x000001637e92d760 DEOPT UNPACKING pc=0x000001636a8a69a3 sp=0x0000003b2fffded8 mode 2
Event: 445.640 Thread 0x000001637ebfdcb0 Uncommon trap: trap_request=0xffffffcc fr.pc=0x000001636ae6e6e0 relative=0x0000000000000240
Event: 445.640 Thread 0x000001637ebfdcb0 Uncommon trap: reason=intrinsic_or_type_checked_inlining action=make_not_entrant pc=0x000001636ae6e6e0 method=java.util.Arrays.copyOf([Ljava/lang/Object;ILjava/lang/Class;)[Ljava/lang/Object; @ 35 c2
Event: 445.640 Thread 0x000001637ebfdcb0 DEOPT PACKING pc=0x000001636ae6e6e0 sp=0x0000003b302fee60
Event: 445.640 Thread 0x000001637ebfdcb0 DEOPT UNPACKING pc=0x000001636a8a69a3 sp=0x0000003b302fedf0 mode 2
Event: 560.160 Thread 0x000001637ebfdcb0 Uncommon trap: trap_request=0xffffffdc fr.pc=0x000001636ae6f730 relative=0x0000000000000190
Event: 560.160 Thread 0x000001637ebfdcb0 Uncommon trap: reason=class_check action=make_not_entrant pc=0x000001636ae6f730 method=java.util.ArrayList.toArray([Ljava/lang/Object;)[Ljava/lang/Object; @ 21 c2
Event: 560.160 Thread 0x000001637ebfdcb0 DEOPT PACKING pc=0x000001636ae6f730 sp=0x0000003b302feec0
Event: 560.160 Thread 0x000001637ebfdcb0 DEOPT UNPACKING pc=0x000001636a8a69a3 sp=0x0000003b302fee80 mode 2
Event: 5912.722 Thread 0x000001637ebfdcb0 DEOPT PACKING pc=0x00000163636640ff sp=0x0000003b302fee80
Event: 5912.722 Thread 0x000001637ebfdcb0 DEOPT UNPACKING pc=0x000001636a8a7143 sp=0x0000003b302fe410 mode 0

Classes unloaded (0 events):
No events

Classes redefined (0 events):
No events

Internal exceptions (15 events):
Event: 0.225 Thread 0x000001635fc57e50 Exception <a 'java/lang/ClassNotFoundException'{0x000000072ebd2640}: sun/awt/resources/spi/awtProvider> (0x000000072ebd2640) 
thrown [s\src\hotspot\share\classfile\systemDictionary.cpp, line 256]
Event: 0.263 Thread 0x000001635fc57e50 Exception <a 'java/io/FileNotFoundException'{0x000000072e82db28}> (0x000000072e82db28) 
thrown [s\src\hotspot\share\prims\jni.cpp, line 516]
Event: 0.272 Thread 0x000001635fc57e50 Exception <a 'java/io/FileNotFoundException'{0x000000072e85acf0}> (0x000000072e85acf0) 
thrown [s\src\hotspot\share\prims\jni.cpp, line 516]
Event: 0.317 Thread 0x000001635fc57e50 Exception <a 'java/lang/NoSuchMethodError'{0x000000072e89c438}: 'java.lang.Object java.lang.invoke.DirectMethodHandle$Holder.invokeStaticInit(java.lang.Object)'> (0x000000072e89c438) 
thrown [s\src\hotspot\share\interpreter\linkResolver.cpp, line 759]
Event: 0.473 Thread 0x000001635fc57e50 Exception <a 'java/lang/NoSuchMethodError'{0x000000072e957ee0}: 'void java.lang.invoke.DirectMethodHandle$Holder.invokeSpecial(java.lang.Object, java.lang.Object, java.lang.Object)'> (0x000000072e957ee0) 
thrown [s\src\hotspot\share\interpreter\linkResolver.cpp, line 759]
Event: 0.483 Thread 0x000001635fc57e50 Exception <a 'java/lang/NoSuchMethodError'{0x000000072e981e60}: 'java.lang.Object java.lang.invoke.DirectMethodHandle$Holder.newInvokeSpecial(java.lang.Object, java.lang.Object, java.lang.Object, java.lang.Object, java.lang.Object)'> (0x000000072e981e60) 
thrown [s\src\hotspot\share\interpreter\linkResolver.cpp, line 759]
Event: 0.484 Thread 0x000001635fc57e50 Exception <a 'java/lang/NoSuchMethodError'{0x000000072e98d828}: 'java.lang.Object java.lang.invoke.DirectMethodHandle$Holder.invokeStatic(java.lang.Object, int, java.lang.Object, java.lang.Object, java.lang.Object, java.lang.Object)'> (0x000000072e98d828) 
thrown [s\src\hotspot\share\interpreter\linkResolver.cpp, line 759]
Event: 0.489 Thread 0x000001635fc57e50 Exception <a 'java/lang/NoSuchMethodError'{0x000000072e9b2fe8}: 'java.lang.Object java.lang.invoke.DirectMethodHandle$Holder.invokeStatic(java.lang.Object, int, java.lang.Object)'> (0x000000072e9b2fe8) 
thrown [s\src\hotspot\share\interpreter\linkResolver.cpp, line 759]
Event: 0.522 Thread 0x000001635fc57e50 Exception <a 'java/lang/ClassNotFoundException'{0x000000072e66afa0}: com/sun/swing/internal/plaf/metal/resources/spi/metalProvider> (0x000000072e66afa0) 
thrown [s\src\hotspot\share\classfile\systemDictionary.cpp, line 256]
Event: 0.523 Thread 0x000001635fc57e50 Exception <a 'java/lang/ClassNotFoundException'{0x000000072e66f740}: com/sun/swing/internal/plaf/basic/resources/spi/basicProvider> (0x000000072e66f740) 
thrown [s\src\hotspot\share\classfile\systemDictionary.cpp, line 256]
Event: 0.571 Thread 0x000001635fc57e50 Exception <a 'java/lang/NoSuchMethodError'{0x000000072e6bf5c8}: 'void java.lang.invoke.DirectMethodHandle$Holder.invokeStaticInit(java.lang.Object)'> (0x000000072e6bf5c8) 
thrown [s\src\hotspot\share\interpreter\linkResolver.cpp, line 759]
Event: 0.585 Thread 0x000001635fc57e50 Exception <a 'java/io/FileNotFoundException'{0x000000072e6cccf8}> (0x000000072e6cccf8) 
thrown [s\src\hotspot\share\prims\jni.cpp, line 516]
Event: 1.049 Thread 0x000001637e4c7120 Exception <a 'java/lang/NoSuchMethodError'{0x000000072e8f25d8}: 'void java.lang.invoke.DirectMethodHandle$Holder.invokeVirtual(java.lang.Object, java.lang.Object)'> (0x000000072e8f25d8) 
thrown [s\src\hotspot\share\interpreter\linkResolver.cpp, line 759]
Event: 2.483 Thread 0x000001637e92d760 Implicit null exception at 0x000001636ae31b2f to 0x000001636ae34bf0
Event: 2.484 Thread 0x000001637e92d760 Implicit null exception at 0x000001636ae25eff to 0x000001636ae25f80

VM Operations (20 events):
Event: 7.093 Executing VM operation: Cleanup
Event: 7.093 Executing VM operation: Cleanup done
Event: 8.100 Executing VM operation: Cleanup
Event: 8.100 Executing VM operation: Cleanup done
Event: 9.110 Executing VM operation: Cleanup
Event: 9.111 Executing VM operation: Cleanup done
Event: 10.117 Executing VM operation: Cleanup
Event: 10.117 Executing VM operation: Cleanup done
Event: 12.123 Executing VM operation: Cleanup
Event: 12.123 Executing VM operation: Cleanup done
Event: 13.131 Executing VM operation: Cleanup
Event: 13.131 Executing VM operation: Cleanup done
Event: 26.178 Executing VM operation: Cleanup
Event: 26.178 Executing VM operation: Cleanup done
Event: 3325.748 Executing VM operation: Cleanup
Event: 3325.749 Executing VM operation: Cleanup done
Event: 5614.152 Executing VM operation: G1CollectForAllocation
Event: 5614.166 Executing VM operation: G1CollectForAllocation done
Event: 11696.822 Executing VM operation: Cleanup
Event: 11696.823 Executing VM operation: Cleanup done

Events (20 events):
Event: 11697.515 loading class sun/awt/image/SunWritableRaster$DataStealer
Event: 11697.515 loading class sun/awt/image/SunWritableRaster$DataStealer done
Event: 11697.515 loading class java/awt/image/DataBuffer$1 done
Event: 11697.515 loading class sun/awt/image/SunWritableRaster
Event: 11697.515 loading class java/awt/image/WritableRaster
Event: 11697.516 loading class java/awt/image/WritableRaster done
Event: 11697.516 loading class sun/awt/image/SunWritableRaster done
Event: 11697.517 loading class java/awt/image/SinglePixelPackedSampleModel
Event: 11697.517 loading class java/awt/image/SampleModel
Event: 11697.518 loading class java/awt/image/SampleModel done
Event: 11697.518 loading class java/awt/image/SinglePixelPackedSampleModel done
Event: 11697.519 loading class sun/awt/image/IntegerInterleavedRaster
Event: 11697.520 loading class sun/awt/image/IntegerComponentRaster
Event: 11697.521 loading class sun/awt/image/IntegerComponentRaster done
Event: 11697.521 loading class sun/awt/image/IntegerInterleavedRaster done
Event: 11697.689 loading class java/awt/image/BufferedImage
Event: 11697.800 loading class java/awt/image/WritableRenderedImage
Event: 11697.801 loading class java/awt/image/RenderedImage
Event: 11697.801 loading class java/awt/image/RenderedImage done
Event: 11697.801 loading class java/awt/image/WritableRenderedImage done


Dynamic libraries:
0x00007ff6ca730000 - 0x00007ff6ca73e000 	C:\Users\a\.p2\pool\plugins\org.eclipse.justj.openjdk.hotspot.jre.full.win32.x86_64_17.0.6.v20230204-1729\jre\bin\javaw.exe
0x00007ffdea930000 - 0x00007ffdeab28000 	C:\Windows\SYSTEM32\ntdll.dll
0x00007ffdea170000 - 0x00007ffdea22f000 	C:\Windows\System32\KERNEL32.DLL
0x00007ffde80e0000 - 0x00007ffde83b2000 	C:\Windows\System32\KERNELBASE.dll
0x00007ffde8870000 - 0x00007ffde8970000 	C:\Windows\System32\ucrtbase.dll
0x00007ffdc3870000 - 0x00007ffdc3887000 	C:\Users\a\.p2\pool\plugins\org.eclipse.justj.openjdk.hotspot.jre.full.win32.x86_64_17.0.6.v20230204-1729\jre\bin\jli.dll
0x00007ffdd9120000 - 0x00007ffdd9139000 	C:\Users\a\.p2\pool\plugins\org.eclipse.justj.openjdk.hotspot.jre.full.win32.x86_64_17.0.6.v20230204-1729\jre\bin\VCRUNTIME140.dll
0x00007ffdea2c0000 - 0x00007ffdea461000 	C:\Windows\System32\USER32.dll
0x00007ffde8020000 - 0x00007ffde8042000 	C:\Windows\System32\win32u.dll
0x00007ffde8970000 - 0x00007ffde899b000 	C:\Windows\System32\GDI32.dll
0x00007ffddb9e0000 - 0x00007ffddbc7a000 	C:\Windows\WinSxS\amd64_microsoft.windows.common-controls_6595b64144ccf1df_6.0.19041.1110_none_60b5254171f9507e\COMCTL32.dll
0x00007ffde8760000 - 0x00007ffde886f000 	C:\Windows\System32\gdi32full.dll
0x00007ffde96e0000 - 0x00007ffde977e000 	C:\Windows\System32\msvcrt.dll
0x00007ffde8550000 - 0x00007ffde85ed000 	C:\Windows\System32\msvcp_win.dll
0x00007ffdea120000 - 0x00007ffdea152000 	C:\Windows\System32\IMM32.DLL
0x00007ffdd8aa0000 - 0x00007ffdd8aac000 	C:\Users\a\.p2\pool\plugins\org.eclipse.justj.openjdk.hotspot.jre.full.win32.x86_64_17.0.6.v20230204-1729\jre\bin\vcruntime140_1.dll
0x00007ffdb6cc0000 - 0x00007ffdb6d51000 	C:\Users\a\.p2\pool\plugins\org.eclipse.justj.openjdk.hotspot.jre.full.win32.x86_64_17.0.6.v20230204-1729\jre\bin\msvcp140.dll
0x00007ffda69c0000 - 0x00007ffda7607000 	C:\Users\a\.p2\pool\plugins\org.eclipse.justj.openjdk.hotspot.jre.full.win32.x86_64_17.0.6.v20230204-1729\jre\bin\server\jvm.dll
0x00007ffdea6b0000 - 0x00007ffdea75e000 	C:\Windows\System32\ADVAPI32.dll
0x00007ffde90f0000 - 0x00007ffde918c000 	C:\Windows\System32\sechost.dll
0x00007ffde8fc0000 - 0x00007ffde90e5000 	C:\Windows\System32\RPCRT4.dll
0x00007ffdd71f0000 - 0x00007ffdd71f9000 	C:\Windows\SYSTEM32\WSOCK32.dll
0x00007ffdd7070000 - 0x00007ffdd7097000 	C:\Windows\SYSTEM32\WINMM.dll
0x00007ffde03c0000 - 0x00007ffde03ca000 	C:\Windows\SYSTEM32\VERSION.dll
0x00007ffde9670000 - 0x00007ffde96db000 	C:\Windows\System32\WS2_32.dll
0x00007ffde5e20000 - 0x00007ffde5e32000 	C:\Windows\SYSTEM32\kernel.appcore.dll
0x00007ffdd41b0000 - 0x00007ffdd41ba000 	C:\Users\a\.p2\pool\plugins\org.eclipse.justj.openjdk.hotspot.jre.full.win32.x86_64_17.0.6.v20230204-1729\jre\bin\jimage.dll
0x00007ffde1740000 - 0x00007ffde1924000 	C:\Windows\SYSTEM32\DBGHELP.DLL
0x00007ffddc1c0000 - 0x00007ffddc1f5000 	C:\Windows\SYSTEM32\dbgcore.DLL
0x00007ffde8050000 - 0x00007ffde80d2000 	C:\Windows\System32\bcryptPrimitives.dll
0x00007ffdcd320000 - 0x00007ffdcd345000 	C:\Users\a\.p2\pool\plugins\org.eclipse.justj.openjdk.hotspot.jre.full.win32.x86_64_17.0.6.v20230204-1729\jre\bin\java.dll
0x00007ffdceb10000 - 0x00007ffdceb28000 	C:\Users\a\.p2\pool\plugins\org.eclipse.justj.openjdk.hotspot.jre.full.win32.x86_64_17.0.6.v20230204-1729\jre\bin\zip.dll
0x00007ffde98c0000 - 0x00007ffdea005000 	C:\Windows\System32\SHELL32.dll
0x00007ffde6100000 - 0x00007ffde6892000 	C:\Windows\SYSTEM32\windows.storage.dll
0x00007ffde9190000 - 0x00007ffde94e5000 	C:\Windows\System32\combase.dll
0x00007ffde79a0000 - 0x00007ffde79d0000 	C:\Windows\SYSTEM32\Wldp.dll
0x00007ffdea070000 - 0x00007ffdea11d000 	C:\Windows\System32\SHCORE.dll
0x00007ffdea010000 - 0x00007ffdea065000 	C:\Windows\System32\shlwapi.dll
0x00007ffde7f60000 - 0x00007ffde7f7f000 	C:\Windows\SYSTEM32\profapi.dll
0x00007ffda9eb0000 - 0x00007ffdaa03e000 	C:\Users\a\.p2\pool\plugins\org.eclipse.justj.openjdk.hotspot.jre.full.win32.x86_64_17.0.6.v20230204-1729\jre\bin\awt.dll
0x00007ffdea820000 - 0x00007ffdea8ed000 	C:\Windows\System32\OLEAUT32.dll
0x00007ffde5850000 - 0x00007ffde58e0000 	C:\Windows\SYSTEM32\apphelp.dll
0x00007ffde5df0000 - 0x00007ffde5e1f000 	C:\Windows\system32\DWMAPI.DLL
0x00007ffde5a30000 - 0x00007ffde5ace000 	C:\Windows\system32\uxtheme.dll
0x00007ffdae740000 - 0x00007ffdae865000 	C:\Windows\system32\opengl32.dll
0x00007ffdbecd0000 - 0x00007ffdbecfc000 	C:\Windows\SYSTEM32\GLU32.dll
0x00007ffde9550000 - 0x00007ffde9665000 	C:\Windows\System32\MSCTF.dll
0x00007ffde9790000 - 0x00007ffde98ba000 	C:\Windows\System32\ole32.dll
0x00007ffd9ff70000 - 0x00007ffda013e000 	C:\Windows\system32\d3d9.dll
0x00007ffdd8450000 - 0x00007ffdd860b000 	C:\Windows\System32\DriverStore\FileRepository\u0384804.inf_amd64_41ca4ca6939f5e56\B384763\aticfx64.dll
0x00007ffdd4270000 - 0x00007ffdd42a4000 	C:\Windows\System32\DriverStore\FileRepository\u0384804.inf_amd64_41ca4ca6939f5e56\B384763\atiu9p64.dll
0x00007ffdaea80000 - 0x00007ffdaf7d5000 	C:\Windows\System32\DriverStore\FileRepository\u0384804.inf_amd64_41ca4ca6939f5e56\B384763\atiumd64.dll
0x000000006cb30000 - 0x000000006da57000 	C:\Windows\System32\DriverStore\FileRepository\u0384804.inf_amd64_41ca4ca6939f5e56\B384763\atiumd6a.dll
0x00007ffde89a0000 - 0x00007ffde8e08000 	C:\Windows\System32\SETUPAPI.dll
0x00007ffde7e90000 - 0x00007ffde7edb000 	C:\Windows\SYSTEM32\POWRPROF.dll
0x00007ffde85f0000 - 0x00007ffde863e000 	C:\Windows\System32\cfgmgr32.dll
0x00007ffde8520000 - 0x00007ffde8547000 	C:\Windows\System32\bcrypt.dll
0x00007ffde7e70000 - 0x00007ffde7e82000 	C:\Windows\SYSTEM32\UMPDC.dll
0x00007ffdd4720000 - 0x00007ffdd4755000 	C:\Windows\SYSTEM32\amdihk64.dll
0x00007ffdd4760000 - 0x00007ffdd479b000 	C:\Windows\SYSTEM32\dxcore.dll
0x00007ffdb6c30000 - 0x00007ffdb6cb6000 	C:\Users\a\.p2\pool\plugins\org.eclipse.justj.openjdk.hotspot.jre.full.win32.x86_64_17.0.6.v20230204-1729\jre\bin\freetype.dll
0x00007ffda9de0000 - 0x00007ffda9ea5000 	C:\Users\a\.p2\pool\plugins\org.eclipse.justj.openjdk.hotspot.jre.full.win32.x86_64_17.0.6.v20230204-1729\jre\bin\fontmanager.dll
0x00007ffdcbc00000 - 0x00007ffdcbc19000 	C:\Users\a\.p2\pool\plugins\org.eclipse.justj.openjdk.hotspot.jre.full.win32.x86_64_17.0.6.v20230204-1729\jre\bin\net.dll
0x00007ffde05c0000 - 0x00007ffde06cc000 	C:\Windows\SYSTEM32\WINHTTP.dll
0x00007ffde7700000 - 0x00007ffde776a000 	C:\Windows\system32\mswsock.dll
0x00007ffdcba00000 - 0x00007ffdcba15000 	C:\Users\a\.p2\pool\plugins\org.eclipse.justj.openjdk.hotspot.jre.full.win32.x86_64_17.0.6.v20230204-1729\jre\bin\nio.dll
0x00007ffde12a0000 - 0x00007ffde1399000 	C:\Windows\SYSTEM32\textinputframework.dll
0x00007ffde5620000 - 0x00007ffde5712000 	C:\Windows\System32\CoreMessaging.dll
0x00007ffde52c0000 - 0x00007ffde561e000 	C:\Windows\System32\CoreUIComponents.dll
0x00007ffde3f60000 - 0x00007ffde40b4000 	C:\Windows\SYSTEM32\wintypes.dll
0x00007ffde7160000 - 0x00007ffde7193000 	C:\Windows\SYSTEM32\ntmarta.dll
0x00007ffdea600000 - 0x00007ffdea6a9000 	C:\Windows\System32\clbcatq.dll
0x00007ffda7bf0000 - 0x00007ffda7cbd000 	C:\Windows\HancomIME\x64\HCHangulIME.dll
0x00007ffdd33f0000 - 0x00007ffdd38c9000 	C:\Windows\SYSTEM32\WININET.dll
0x00007ffdd7d20000 - 0x00007ffdd7f9f000 	C:\Windows\SYSTEM32\DWrite.dll
0x00007ffde4790000 - 0x00007ffde4d50000 	C:\Windows\SYSTEM32\d2d1.dll

dbghelp: loaded successfully - version: 4.0.5 - missing functions: none
symbol engine: initialized successfully - sym options: 0x614 - pdb path: .;C:\Users\a\.p2\pool\plugins\org.eclipse.justj.openjdk.hotspot.jre.full.win32.x86_64_17.0.6.v20230204-1729\jre\bin;C:\Windows\SYSTEM32;C:\Windows\WinSxS\amd64_microsoft.windows.common-controls_6595b64144ccf1df_6.0.19041.1110_none_60b5254171f9507e;C:\Users\a\.p2\pool\plugins\org.eclipse.justj.openjdk.hotspot.jre.full.win32.x86_64_17.0.6.v20230204-1729\jre\bin\server;C:\Windows\System32\DriverStore\FileRepository\u0384804.inf_amd64_41ca4ca6939f5e56\B384763;C:\Windows\HancomIME\x64

VM Arguments:
jvm_args: -Dfile.encoding=UTF-8 -XX:+ShowCodeDetailsInExceptionMessages 
java_command: 배열응용.극장예매시스템1
java_class_path (initial): C:\Users\a\eclipse-workspace\java06\bin
Launcher Type: SUN_STANDARD

[Global flags]
     intx CICompilerCount                          = 4                                         {product} {ergonomic}
     uint ConcGCThreads                            = 2                                         {product} {ergonomic}
     uint G1ConcRefinementThreads                  = 8                                         {product} {ergonomic}
   size_t G1HeapRegionSize                         = 2097152                                   {product} {ergonomic}
    uintx GCDrainStackTargetSize                   = 64                                        {product} {ergonomic}
   size_t InitialHeapSize                          = 234881024                                 {product} {ergonomic}
   size_t MarkStackSize                            = 4194304                                   {product} {ergonomic}
   size_t MaxHeapSize                              = 3745513472                                {product} {ergonomic}
   size_t MaxNewSize                               = 2246049792                                {product} {ergonomic}
   size_t MinHeapDeltaBytes                        = 2097152                                   {product} {ergonomic}
   size_t MinHeapSize                              = 8388608                                   {product} {ergonomic}
    uintx NonNMethodCodeHeapSize                   = 5839372                                {pd product} {ergonomic}
    uintx NonProfiledCodeHeapSize                  = 122909434                              {pd product} {ergonomic}
    uintx ProfiledCodeHeapSize                     = 122909434                              {pd product} {ergonomic}
    uintx ReservedCodeCacheSize                    = 251658240                              {pd product} {ergonomic}
     bool SegmentedCodeCache                       = true                                      {product} {ergonomic}
     bool ShowCodeDetailsInExceptionMessages       = true                                   {manageable} {command line}
   size_t SoftMaxHeapSize                          = 3745513472                             {manageable} {ergonomic}
     bool UseCompressedClassPointers               = true                           {product lp64_product} {ergonomic}
     bool UseCompressedOops                        = true                           {product lp64_product} {ergonomic}
     bool UseG1GC                                  = true                                      {product} {ergonomic}
     bool UseLargePagesIndividualAllocation        = false                                  {pd product} {ergonomic}

Logging:
Log output configuration:
 #0: stdout all=warning uptime,level,tags
 #1: stderr all=off uptime,level,tags

Environment Variables:
PATH=C:/Users/a/.p2/pool/plugins/org.eclipse.justj.openjdk.hotspot.jre.full.win32.x86_64_17.0.6.v20230204-1729/jre/bin/server;C:/Users/a/.p2/pool/plugins/org.eclipse.justj.openjdk.hotspot.jre.full.win32.x86_64_17.0.6.v20230204-1729/jre/bin;C:\Program Files (x86)\Common Files\Oracle\Java\javapath;C:\Windows\system32;C:\Windows;C:\Windows\System32\Wbem;C:\Windows\System32\WindowsPowerShell\v1.0\;C:\Windows\System32\OpenSSH\;C:\Program Files\Bandizip\;C:\Users\a\AppData\Local\Microsoft\WindowsApps;;C:\Users\a\eclipse\jee-2022-12\eclipse;
USERNAME=a
OS=Windows_NT
PROCESSOR_IDENTIFIER=AMD64 Family 23 Model 24 Stepping 1, AuthenticAMD
TMP=C:\Users\a\AppData\Local\Temp
TEMP=C:\Users\a\AppData\Local\Temp



---------------  S Y S T E M  ---------------

OS:
 Windows 10 , 64 bit Build 19041 (10.0.19041.2546)
OS uptime: 10 days 2:41 hours

CPU: total 8 (initial active 8) (8 cores per cpu, 2 threads per core) family 23 model 24 stepping 1 microcode 0x0, cx8, cmov, fxsr, ht, mmx, 3dnowpref, sse, sse2, sse3, ssse3, sse4a, sse4.1, sse4.2, popcnt, lzcnt, tsc, tscinvbit, avx, avx2, aes, clmul, bmi1, bmi2, adx, sha, fma, vzeroupper, clflush, clflushopt

Memory: 4k page, system-wide physical 14284M (3405M free)
TotalPageFile size 42817M (AvailPageFile size 754M)
current process WorkingSet (physical memory assigned to process): 47M, peak: 146M
current process commit charge ("private bytes"): 402M, peak: 405M

vm_info: OpenJDK 64-Bit Server VM (17.0.6+10) for windows-amd64 JRE (17.0.6+10), built on Jan 18 2023 10:08:59 by "temurin" with MS VC++ 16.7 (VS2019)

END.
